[2025-12-10T11:39:58.529+0000] {processor.py:161} INFO - Started process (PID=160) to work on /opt/airflow/dags/etl_franquias.py
[2025-12-10T11:39:58.533+0000] {processor.py:830} INFO - Processing file /opt/airflow/dags/etl_franquias.py for tasks to queue
[2025-12-10T11:39:58.543+0000] {logging_mixin.py:188} INFO - [2025-12-10T11:39:58.542+0000] {dagbag.py:545} INFO - Filling up the DagBag from /opt/airflow/dags/etl_franquias.py
[2025-12-10T11:40:11.397+0000] {processor.py:840} INFO - DAG(s) 'boti_franquias_etl' retrieved from /opt/airflow/dags/etl_franquias.py
[2025-12-10T11:40:12.533+0000] {logging_mixin.py:188} INFO - [2025-12-10T11:40:12.531+0000] {override.py:1829} INFO - Created Permission View: can delete on DAG:boti_franquias_etl
[2025-12-10T11:40:12.594+0000] {logging_mixin.py:188} INFO - [2025-12-10T11:40:12.593+0000] {override.py:1829} INFO - Created Permission View: can read on DAG:boti_franquias_etl
[2025-12-10T11:40:12.644+0000] {logging_mixin.py:188} INFO - [2025-12-10T11:40:12.643+0000] {override.py:1829} INFO - Created Permission View: can edit on DAG:boti_franquias_etl
[2025-12-10T11:40:12.651+0000] {logging_mixin.py:188} INFO - [2025-12-10T11:40:12.647+0000] {dag.py:3096} INFO - Sync 1 DAGs
[2025-12-10T11:40:12.715+0000] {logging_mixin.py:188} INFO - [2025-12-10T11:40:12.713+0000] {dag.py:3118} INFO - Creating ORM DAG for boti_franquias_etl
[2025-12-10T11:40:12.725+0000] {logging_mixin.py:188} INFO - [2025-12-10T11:40:12.723+0000] {dag.py:3954} INFO - Setting next_dagrun for boti_franquias_etl to None, run_after=None
[2025-12-10T11:40:12.827+0000] {processor.py:183} INFO - Processing /opt/airflow/dags/etl_franquias.py took 14.379 seconds
[2025-12-10T11:40:43.218+0000] {processor.py:161} INFO - Started process (PID=166) to work on /opt/airflow/dags/etl_franquias.py
[2025-12-10T11:40:43.223+0000] {processor.py:830} INFO - Processing file /opt/airflow/dags/etl_franquias.py for tasks to queue
[2025-12-10T11:40:43.230+0000] {logging_mixin.py:188} INFO - [2025-12-10T11:40:43.228+0000] {dagbag.py:545} INFO - Filling up the DagBag from /opt/airflow/dags/etl_franquias.py
[2025-12-10T11:40:47.660+0000] {processor.py:840} INFO - DAG(s) 'boti_franquias_etl' retrieved from /opt/airflow/dags/etl_franquias.py
[2025-12-10T11:40:47.997+0000] {logging_mixin.py:188} INFO - [2025-12-10T11:40:47.992+0000] {dag.py:3096} INFO - Sync 1 DAGs
[2025-12-10T11:40:48.194+0000] {logging_mixin.py:188} INFO - [2025-12-10T11:40:48.192+0000] {dag.py:3954} INFO - Setting next_dagrun for boti_franquias_etl to None, run_after=None
[2025-12-10T11:40:48.369+0000] {processor.py:183} INFO - Processing /opt/airflow/dags/etl_franquias.py took 5.172 seconds
[2025-12-10T11:41:18.764+0000] {processor.py:161} INFO - Started process (PID=172) to work on /opt/airflow/dags/etl_franquias.py
[2025-12-10T11:41:18.768+0000] {processor.py:830} INFO - Processing file /opt/airflow/dags/etl_franquias.py for tasks to queue
[2025-12-10T11:41:18.776+0000] {logging_mixin.py:188} INFO - [2025-12-10T11:41:18.775+0000] {dagbag.py:545} INFO - Filling up the DagBag from /opt/airflow/dags/etl_franquias.py
[2025-12-10T11:41:19.920+0000] {processor.py:840} INFO - DAG(s) 'boti_franquias_etl' retrieved from /opt/airflow/dags/etl_franquias.py
[2025-12-10T11:41:20.015+0000] {logging_mixin.py:188} INFO - [2025-12-10T11:41:20.013+0000] {dag.py:3096} INFO - Sync 1 DAGs
[2025-12-10T11:41:20.058+0000] {logging_mixin.py:188} INFO - [2025-12-10T11:41:20.057+0000] {dag.py:3954} INFO - Setting next_dagrun for boti_franquias_etl to None, run_after=None
[2025-12-10T11:41:20.166+0000] {processor.py:183} INFO - Processing /opt/airflow/dags/etl_franquias.py took 1.423 seconds
[2025-12-10T11:41:50.889+0000] {processor.py:161} INFO - Started process (PID=178) to work on /opt/airflow/dags/etl_franquias.py
[2025-12-10T11:41:50.901+0000] {processor.py:830} INFO - Processing file /opt/airflow/dags/etl_franquias.py for tasks to queue
[2025-12-10T11:41:50.920+0000] {logging_mixin.py:188} INFO - [2025-12-10T11:41:50.911+0000] {dagbag.py:545} INFO - Filling up the DagBag from /opt/airflow/dags/etl_franquias.py
[2025-12-10T11:41:53.471+0000] {processor.py:840} INFO - DAG(s) 'boti_franquias_etl' retrieved from /opt/airflow/dags/etl_franquias.py
[2025-12-10T11:41:53.565+0000] {logging_mixin.py:188} INFO - [2025-12-10T11:41:53.564+0000] {dag.py:3096} INFO - Sync 1 DAGs
[2025-12-10T11:41:53.603+0000] {logging_mixin.py:188} INFO - [2025-12-10T11:41:53.602+0000] {dag.py:3954} INFO - Setting next_dagrun for boti_franquias_etl to None, run_after=None
[2025-12-10T11:41:53.687+0000] {processor.py:183} INFO - Processing /opt/airflow/dags/etl_franquias.py took 2.863 seconds
[2025-12-10T11:45:09.914+0000] {processor.py:161} INFO - Started process (PID=160) to work on /opt/airflow/dags/etl_franquias.py
[2025-12-10T11:45:09.953+0000] {processor.py:830} INFO - Processing file /opt/airflow/dags/etl_franquias.py for tasks to queue
[2025-12-10T11:45:09.979+0000] {logging_mixin.py:188} INFO - [2025-12-10T11:45:09.974+0000] {dagbag.py:545} INFO - Filling up the DagBag from /opt/airflow/dags/etl_franquias.py
[2025-12-10T11:45:23.731+0000] {processor.py:840} INFO - DAG(s) 'boti_franquias_etl' retrieved from /opt/airflow/dags/etl_franquias.py
[2025-12-10T11:45:25.691+0000] {logging_mixin.py:188} INFO - [2025-12-10T11:45:25.689+0000] {dag.py:3096} INFO - Sync 1 DAGs
[2025-12-10T11:45:25.752+0000] {logging_mixin.py:188} INFO - [2025-12-10T11:45:25.751+0000] {dag.py:3954} INFO - Setting next_dagrun for boti_franquias_etl to None, run_after=None
[2025-12-10T11:45:25.855+0000] {processor.py:183} INFO - Processing /opt/airflow/dags/etl_franquias.py took 16.414 seconds
[2025-12-10T11:45:56.131+0000] {processor.py:161} INFO - Started process (PID=166) to work on /opt/airflow/dags/etl_franquias.py
[2025-12-10T11:45:56.134+0000] {processor.py:830} INFO - Processing file /opt/airflow/dags/etl_franquias.py for tasks to queue
[2025-12-10T11:45:56.141+0000] {logging_mixin.py:188} INFO - [2025-12-10T11:45:56.139+0000] {dagbag.py:545} INFO - Filling up the DagBag from /opt/airflow/dags/etl_franquias.py
[2025-12-10T11:45:57.315+0000] {processor.py:840} INFO - DAG(s) 'boti_franquias_etl' retrieved from /opt/airflow/dags/etl_franquias.py
[2025-12-10T11:45:57.393+0000] {logging_mixin.py:188} INFO - [2025-12-10T11:45:57.392+0000] {dag.py:3096} INFO - Sync 1 DAGs
[2025-12-10T11:45:57.433+0000] {logging_mixin.py:188} INFO - [2025-12-10T11:45:57.432+0000] {dag.py:3954} INFO - Setting next_dagrun for boti_franquias_etl to None, run_after=None
[2025-12-10T11:45:57.497+0000] {processor.py:183} INFO - Processing /opt/airflow/dags/etl_franquias.py took 1.383 seconds
[2025-12-10T11:46:27.996+0000] {processor.py:161} INFO - Started process (PID=172) to work on /opt/airflow/dags/etl_franquias.py
[2025-12-10T11:46:28.004+0000] {processor.py:830} INFO - Processing file /opt/airflow/dags/etl_franquias.py for tasks to queue
[2025-12-10T11:46:28.025+0000] {logging_mixin.py:188} INFO - [2025-12-10T11:46:28.022+0000] {dagbag.py:545} INFO - Filling up the DagBag from /opt/airflow/dags/etl_franquias.py
[2025-12-10T11:46:32.069+0000] {processor.py:840} INFO - DAG(s) 'boti_franquias_etl' retrieved from /opt/airflow/dags/etl_franquias.py
[2025-12-10T11:46:32.181+0000] {logging_mixin.py:188} INFO - [2025-12-10T11:46:32.179+0000] {dag.py:3096} INFO - Sync 1 DAGs
[2025-12-10T11:46:32.233+0000] {logging_mixin.py:188} INFO - [2025-12-10T11:46:32.232+0000] {dag.py:3954} INFO - Setting next_dagrun for boti_franquias_etl to None, run_after=None
[2025-12-10T11:46:32.314+0000] {processor.py:183} INFO - Processing /opt/airflow/dags/etl_franquias.py took 4.407 seconds
[2025-12-10T11:47:02.869+0000] {processor.py:161} INFO - Started process (PID=178) to work on /opt/airflow/dags/etl_franquias.py
[2025-12-10T11:47:02.873+0000] {processor.py:830} INFO - Processing file /opt/airflow/dags/etl_franquias.py for tasks to queue
[2025-12-10T11:47:02.882+0000] {logging_mixin.py:188} INFO - [2025-12-10T11:47:02.880+0000] {dagbag.py:545} INFO - Filling up the DagBag from /opt/airflow/dags/etl_franquias.py
[2025-12-10T11:47:05.869+0000] {processor.py:840} INFO - DAG(s) 'boti_franquias_etl' retrieved from /opt/airflow/dags/etl_franquias.py
[2025-12-10T11:47:06.029+0000] {logging_mixin.py:188} INFO - [2025-12-10T11:47:06.024+0000] {dag.py:3096} INFO - Sync 1 DAGs
[2025-12-10T11:47:06.152+0000] {logging_mixin.py:188} INFO - [2025-12-10T11:47:06.151+0000] {dag.py:3954} INFO - Setting next_dagrun for boti_franquias_etl to None, run_after=None
[2025-12-10T11:47:06.600+0000] {processor.py:183} INFO - Processing /opt/airflow/dags/etl_franquias.py took 3.759 seconds
[2025-12-10T11:47:37.122+0000] {processor.py:161} INFO - Started process (PID=184) to work on /opt/airflow/dags/etl_franquias.py
[2025-12-10T11:47:37.127+0000] {processor.py:830} INFO - Processing file /opt/airflow/dags/etl_franquias.py for tasks to queue
[2025-12-10T11:47:37.135+0000] {logging_mixin.py:188} INFO - [2025-12-10T11:47:37.133+0000] {dagbag.py:545} INFO - Filling up the DagBag from /opt/airflow/dags/etl_franquias.py
[2025-12-10T11:47:39.214+0000] {processor.py:840} INFO - DAG(s) 'boti_franquias_etl' retrieved from /opt/airflow/dags/etl_franquias.py
[2025-12-10T11:47:39.312+0000] {logging_mixin.py:188} INFO - [2025-12-10T11:47:39.310+0000] {dag.py:3096} INFO - Sync 1 DAGs
[2025-12-10T11:47:39.359+0000] {logging_mixin.py:188} INFO - [2025-12-10T11:47:39.358+0000] {dag.py:3954} INFO - Setting next_dagrun for boti_franquias_etl to None, run_after=None
[2025-12-10T11:47:39.449+0000] {processor.py:183} INFO - Processing /opt/airflow/dags/etl_franquias.py took 2.347 seconds
[2025-12-10T11:48:10.254+0000] {processor.py:161} INFO - Started process (PID=190) to work on /opt/airflow/dags/etl_franquias.py
[2025-12-10T11:48:10.258+0000] {processor.py:830} INFO - Processing file /opt/airflow/dags/etl_franquias.py for tasks to queue
[2025-12-10T11:48:10.266+0000] {logging_mixin.py:188} INFO - [2025-12-10T11:48:10.263+0000] {dagbag.py:545} INFO - Filling up the DagBag from /opt/airflow/dags/etl_franquias.py
[2025-12-10T11:48:11.639+0000] {processor.py:840} INFO - DAG(s) 'boti_franquias_etl' retrieved from /opt/airflow/dags/etl_franquias.py
[2025-12-10T11:48:11.728+0000] {logging_mixin.py:188} INFO - [2025-12-10T11:48:11.726+0000] {dag.py:3096} INFO - Sync 1 DAGs
[2025-12-10T11:48:11.767+0000] {logging_mixin.py:188} INFO - [2025-12-10T11:48:11.766+0000] {dag.py:3954} INFO - Setting next_dagrun for boti_franquias_etl to None, run_after=None
[2025-12-10T11:48:11.847+0000] {processor.py:183} INFO - Processing /opt/airflow/dags/etl_franquias.py took 1.635 seconds
[2025-12-10T11:48:42.620+0000] {processor.py:161} INFO - Started process (PID=196) to work on /opt/airflow/dags/etl_franquias.py
[2025-12-10T11:48:42.624+0000] {processor.py:830} INFO - Processing file /opt/airflow/dags/etl_franquias.py for tasks to queue
[2025-12-10T11:48:42.631+0000] {logging_mixin.py:188} INFO - [2025-12-10T11:48:42.629+0000] {dagbag.py:545} INFO - Filling up the DagBag from /opt/airflow/dags/etl_franquias.py
[2025-12-10T11:48:44.907+0000] {processor.py:840} INFO - DAG(s) 'boti_franquias_etl' retrieved from /opt/airflow/dags/etl_franquias.py
[2025-12-10T11:48:45.058+0000] {logging_mixin.py:188} INFO - [2025-12-10T11:48:45.054+0000] {dag.py:3096} INFO - Sync 1 DAGs
[2025-12-10T11:48:45.140+0000] {logging_mixin.py:188} INFO - [2025-12-10T11:48:45.139+0000] {dag.py:3954} INFO - Setting next_dagrun for boti_franquias_etl to None, run_after=None
[2025-12-10T11:48:45.829+0000] {processor.py:183} INFO - Processing /opt/airflow/dags/etl_franquias.py took 3.225 seconds
[2025-12-10T11:49:16.544+0000] {processor.py:161} INFO - Started process (PID=202) to work on /opt/airflow/dags/etl_franquias.py
[2025-12-10T11:49:16.564+0000] {processor.py:830} INFO - Processing file /opt/airflow/dags/etl_franquias.py for tasks to queue
[2025-12-10T11:49:16.627+0000] {logging_mixin.py:188} INFO - [2025-12-10T11:49:16.625+0000] {dagbag.py:545} INFO - Filling up the DagBag from /opt/airflow/dags/etl_franquias.py
[2025-12-10T11:49:20.444+0000] {processor.py:840} INFO - DAG(s) 'boti_franquias_etl' retrieved from /opt/airflow/dags/etl_franquias.py
[2025-12-10T11:49:21.110+0000] {logging_mixin.py:188} INFO - [2025-12-10T11:49:21.087+0000] {dag.py:3096} INFO - Sync 1 DAGs
[2025-12-10T11:49:21.300+0000] {logging_mixin.py:188} INFO - [2025-12-10T11:49:21.298+0000] {dag.py:3954} INFO - Setting next_dagrun for boti_franquias_etl to None, run_after=None
[2025-12-10T11:49:21.527+0000] {processor.py:183} INFO - Processing /opt/airflow/dags/etl_franquias.py took 5.031 seconds
[2025-12-10T11:49:51.832+0000] {processor.py:161} INFO - Started process (PID=208) to work on /opt/airflow/dags/etl_franquias.py
[2025-12-10T11:49:51.835+0000] {processor.py:830} INFO - Processing file /opt/airflow/dags/etl_franquias.py for tasks to queue
[2025-12-10T11:49:51.842+0000] {logging_mixin.py:188} INFO - [2025-12-10T11:49:51.841+0000] {dagbag.py:545} INFO - Filling up the DagBag from /opt/airflow/dags/etl_franquias.py
[2025-12-10T11:49:53.661+0000] {processor.py:840} INFO - DAG(s) 'boti_franquias_etl' retrieved from /opt/airflow/dags/etl_franquias.py
[2025-12-10T11:49:53.873+0000] {logging_mixin.py:188} INFO - [2025-12-10T11:49:53.864+0000] {dag.py:3096} INFO - Sync 1 DAGs
[2025-12-10T11:49:54.012+0000] {logging_mixin.py:188} INFO - [2025-12-10T11:49:54.011+0000] {dag.py:3954} INFO - Setting next_dagrun for boti_franquias_etl to None, run_after=None
[2025-12-10T11:49:54.155+0000] {processor.py:183} INFO - Processing /opt/airflow/dags/etl_franquias.py took 2.342 seconds
[2025-12-10T11:52:10.722+0000] {processor.py:161} INFO - Started process (PID=160) to work on /opt/airflow/dags/etl_franquias.py
[2025-12-10T11:52:10.740+0000] {processor.py:830} INFO - Processing file /opt/airflow/dags/etl_franquias.py for tasks to queue
[2025-12-10T11:52:10.807+0000] {logging_mixin.py:188} INFO - [2025-12-10T11:52:10.760+0000] {dagbag.py:545} INFO - Filling up the DagBag from /opt/airflow/dags/etl_franquias.py
[2025-12-10T11:52:18.071+0000] {processor.py:840} INFO - DAG(s) 'boti_franquias_etl' retrieved from /opt/airflow/dags/etl_franquias.py
[2025-12-10T11:52:19.513+0000] {logging_mixin.py:188} INFO - [2025-12-10T11:52:19.512+0000] {dag.py:3096} INFO - Sync 1 DAGs
[2025-12-10T11:52:19.548+0000] {logging_mixin.py:188} INFO - [2025-12-10T11:52:19.547+0000] {dag.py:3954} INFO - Setting next_dagrun for boti_franquias_etl to None, run_after=None
[2025-12-10T11:52:19.616+0000] {processor.py:183} INFO - Processing /opt/airflow/dags/etl_franquias.py took 9.207 seconds
[2025-12-10T11:52:50.595+0000] {processor.py:161} INFO - Started process (PID=166) to work on /opt/airflow/dags/etl_franquias.py
[2025-12-10T11:52:50.600+0000] {processor.py:830} INFO - Processing file /opt/airflow/dags/etl_franquias.py for tasks to queue
[2025-12-10T11:52:50.607+0000] {logging_mixin.py:188} INFO - [2025-12-10T11:52:50.606+0000] {dagbag.py:545} INFO - Filling up the DagBag from /opt/airflow/dags/etl_franquias.py
[2025-12-10T11:52:51.824+0000] {processor.py:840} INFO - DAG(s) 'boti_franquias_etl' retrieved from /opt/airflow/dags/etl_franquias.py
[2025-12-10T11:52:51.927+0000] {logging_mixin.py:188} INFO - [2025-12-10T11:52:51.925+0000] {dag.py:3096} INFO - Sync 1 DAGs
[2025-12-10T11:52:52.094+0000] {logging_mixin.py:188} INFO - [2025-12-10T11:52:52.082+0000] {dag.py:3954} INFO - Setting next_dagrun for boti_franquias_etl to None, run_after=None
[2025-12-10T11:52:52.229+0000] {processor.py:183} INFO - Processing /opt/airflow/dags/etl_franquias.py took 1.662 seconds
[2025-12-10T11:53:23.440+0000] {processor.py:161} INFO - Started process (PID=172) to work on /opt/airflow/dags/etl_franquias.py
[2025-12-10T11:53:23.478+0000] {processor.py:830} INFO - Processing file /opt/airflow/dags/etl_franquias.py for tasks to queue
[2025-12-10T11:53:23.544+0000] {logging_mixin.py:188} INFO - [2025-12-10T11:53:23.526+0000] {dagbag.py:545} INFO - Filling up the DagBag from /opt/airflow/dags/etl_franquias.py
[2025-12-10T11:53:29.936+0000] {processor.py:840} INFO - DAG(s) 'boti_franquias_etl' retrieved from /opt/airflow/dags/etl_franquias.py
[2025-12-10T11:53:31.043+0000] {logging_mixin.py:188} INFO - [2025-12-10T11:53:31.025+0000] {dag.py:3096} INFO - Sync 1 DAGs
[2025-12-10T11:53:31.578+0000] {logging_mixin.py:188} INFO - [2025-12-10T11:53:31.577+0000] {dag.py:3954} INFO - Setting next_dagrun for boti_franquias_etl to None, run_after=None
[2025-12-10T11:53:32.320+0000] {processor.py:183} INFO - Processing /opt/airflow/dags/etl_franquias.py took 9.015 seconds
[2025-12-10T11:54:03.759+0000] {processor.py:161} INFO - Started process (PID=178) to work on /opt/airflow/dags/etl_franquias.py
[2025-12-10T11:54:03.779+0000] {processor.py:830} INFO - Processing file /opt/airflow/dags/etl_franquias.py for tasks to queue
[2025-12-10T11:54:03.813+0000] {logging_mixin.py:188} INFO - [2025-12-10T11:54:03.808+0000] {dagbag.py:545} INFO - Filling up the DagBag from /opt/airflow/dags/etl_franquias.py
[2025-12-10T11:54:08.747+0000] {processor.py:840} INFO - DAG(s) 'boti_franquias_etl' retrieved from /opt/airflow/dags/etl_franquias.py
[2025-12-10T11:54:09.484+0000] {logging_mixin.py:188} INFO - [2025-12-10T11:54:09.462+0000] {dag.py:3096} INFO - Sync 1 DAGs
[2025-12-10T11:54:09.846+0000] {logging_mixin.py:188} INFO - [2025-12-10T11:54:09.845+0000] {dag.py:3954} INFO - Setting next_dagrun for boti_franquias_etl to None, run_after=None
[2025-12-10T11:54:10.432+0000] {processor.py:183} INFO - Processing /opt/airflow/dags/etl_franquias.py took 6.828 seconds
[2025-12-10T11:54:42.132+0000] {processor.py:161} INFO - Started process (PID=184) to work on /opt/airflow/dags/etl_franquias.py
[2025-12-10T11:54:42.142+0000] {processor.py:830} INFO - Processing file /opt/airflow/dags/etl_franquias.py for tasks to queue
[2025-12-10T11:54:42.226+0000] {logging_mixin.py:188} INFO - [2025-12-10T11:54:42.207+0000] {dagbag.py:545} INFO - Filling up the DagBag from /opt/airflow/dags/etl_franquias.py
[2025-12-10T11:54:45.861+0000] {processor.py:840} INFO - DAG(s) 'boti_franquias_etl' retrieved from /opt/airflow/dags/etl_franquias.py
[2025-12-10T11:54:46.278+0000] {logging_mixin.py:188} INFO - [2025-12-10T11:54:46.264+0000] {dag.py:3096} INFO - Sync 1 DAGs
[2025-12-10T11:54:46.598+0000] {logging_mixin.py:188} INFO - [2025-12-10T11:54:46.597+0000] {dag.py:3954} INFO - Setting next_dagrun for boti_franquias_etl to None, run_after=None
[2025-12-10T11:54:46.940+0000] {processor.py:183} INFO - Processing /opt/airflow/dags/etl_franquias.py took 4.918 seconds
[2025-12-10T11:55:18.062+0000] {processor.py:161} INFO - Started process (PID=190) to work on /opt/airflow/dags/etl_franquias.py
[2025-12-10T11:55:18.193+0000] {processor.py:830} INFO - Processing file /opt/airflow/dags/etl_franquias.py for tasks to queue
[2025-12-10T11:55:18.341+0000] {logging_mixin.py:188} INFO - [2025-12-10T11:55:18.337+0000] {dagbag.py:545} INFO - Filling up the DagBag from /opt/airflow/dags/etl_franquias.py
[2025-12-10T11:55:21.172+0000] {processor.py:840} INFO - DAG(s) 'boti_franquias_etl' retrieved from /opt/airflow/dags/etl_franquias.py
[2025-12-10T11:55:21.281+0000] {logging_mixin.py:188} INFO - [2025-12-10T11:55:21.270+0000] {dag.py:3096} INFO - Sync 1 DAGs
[2025-12-10T11:55:21.347+0000] {logging_mixin.py:188} INFO - [2025-12-10T11:55:21.346+0000] {dag.py:3954} INFO - Setting next_dagrun for boti_franquias_etl to None, run_after=None
[2025-12-10T11:55:21.492+0000] {processor.py:183} INFO - Processing /opt/airflow/dags/etl_franquias.py took 3.513 seconds
[2025-12-10T11:55:52.679+0000] {processor.py:161} INFO - Started process (PID=196) to work on /opt/airflow/dags/etl_franquias.py
[2025-12-10T11:55:52.683+0000] {processor.py:830} INFO - Processing file /opt/airflow/dags/etl_franquias.py for tasks to queue
[2025-12-10T11:55:52.692+0000] {logging_mixin.py:188} INFO - [2025-12-10T11:55:52.690+0000] {dagbag.py:545} INFO - Filling up the DagBag from /opt/airflow/dags/etl_franquias.py
[2025-12-10T11:55:53.861+0000] {processor.py:840} INFO - DAG(s) 'boti_franquias_etl' retrieved from /opt/airflow/dags/etl_franquias.py
[2025-12-10T11:55:53.963+0000] {logging_mixin.py:188} INFO - [2025-12-10T11:55:53.961+0000] {dag.py:3096} INFO - Sync 1 DAGs
[2025-12-10T11:55:54.416+0000] {logging_mixin.py:188} INFO - [2025-12-10T11:55:54.415+0000] {dag.py:3954} INFO - Setting next_dagrun for boti_franquias_etl to None, run_after=None
[2025-12-10T11:55:54.494+0000] {processor.py:183} INFO - Processing /opt/airflow/dags/etl_franquias.py took 1.835 seconds
[2025-12-10T11:56:25.990+0000] {processor.py:161} INFO - Started process (PID=202) to work on /opt/airflow/dags/etl_franquias.py
[2025-12-10T11:56:26.000+0000] {processor.py:830} INFO - Processing file /opt/airflow/dags/etl_franquias.py for tasks to queue
[2025-12-10T11:56:26.025+0000] {logging_mixin.py:188} INFO - [2025-12-10T11:56:26.023+0000] {dagbag.py:545} INFO - Filling up the DagBag from /opt/airflow/dags/etl_franquias.py
[2025-12-10T11:56:28.735+0000] {processor.py:840} INFO - DAG(s) 'boti_franquias_etl' retrieved from /opt/airflow/dags/etl_franquias.py
[2025-12-10T11:56:28.976+0000] {logging_mixin.py:188} INFO - [2025-12-10T11:56:28.972+0000] {dag.py:3096} INFO - Sync 1 DAGs
[2025-12-10T11:56:29.073+0000] {logging_mixin.py:188} INFO - [2025-12-10T11:56:29.072+0000] {dag.py:3954} INFO - Setting next_dagrun for boti_franquias_etl to None, run_after=None
[2025-12-10T11:56:29.236+0000] {processor.py:183} INFO - Processing /opt/airflow/dags/etl_franquias.py took 3.308 seconds
[2025-12-10T11:57:00.567+0000] {processor.py:161} INFO - Started process (PID=208) to work on /opt/airflow/dags/etl_franquias.py
[2025-12-10T11:57:00.613+0000] {processor.py:830} INFO - Processing file /opt/airflow/dags/etl_franquias.py for tasks to queue
[2025-12-10T11:57:00.660+0000] {logging_mixin.py:188} INFO - [2025-12-10T11:57:00.652+0000] {dagbag.py:545} INFO - Filling up the DagBag from /opt/airflow/dags/etl_franquias.py
[2025-12-10T11:57:04.319+0000] {processor.py:840} INFO - DAG(s) 'boti_franquias_etl' retrieved from /opt/airflow/dags/etl_franquias.py
[2025-12-10T11:57:04.434+0000] {logging_mixin.py:188} INFO - [2025-12-10T11:57:04.432+0000] {dag.py:3096} INFO - Sync 1 DAGs
[2025-12-10T11:57:04.498+0000] {logging_mixin.py:188} INFO - [2025-12-10T11:57:04.497+0000] {dag.py:3954} INFO - Setting next_dagrun for boti_franquias_etl to None, run_after=None
[2025-12-10T11:57:04.610+0000] {processor.py:183} INFO - Processing /opt/airflow/dags/etl_franquias.py took 4.151 seconds
[2025-12-10T11:57:35.181+0000] {processor.py:161} INFO - Started process (PID=214) to work on /opt/airflow/dags/etl_franquias.py
[2025-12-10T11:57:35.185+0000] {processor.py:830} INFO - Processing file /opt/airflow/dags/etl_franquias.py for tasks to queue
[2025-12-10T11:57:35.192+0000] {logging_mixin.py:188} INFO - [2025-12-10T11:57:35.191+0000] {dagbag.py:545} INFO - Filling up the DagBag from /opt/airflow/dags/etl_franquias.py
[2025-12-10T11:57:39.481+0000] {processor.py:840} INFO - DAG(s) 'boti_franquias_etl' retrieved from /opt/airflow/dags/etl_franquias.py
[2025-12-10T11:57:39.607+0000] {logging_mixin.py:188} INFO - [2025-12-10T11:57:39.605+0000] {dag.py:3096} INFO - Sync 1 DAGs
[2025-12-10T11:57:39.664+0000] {logging_mixin.py:188} INFO - [2025-12-10T11:57:39.663+0000] {dag.py:3954} INFO - Setting next_dagrun for boti_franquias_etl to None, run_after=None
[2025-12-10T11:57:39.901+0000] {processor.py:183} INFO - Processing /opt/airflow/dags/etl_franquias.py took 4.811 seconds
[2025-12-10T11:58:11.502+0000] {processor.py:161} INFO - Started process (PID=220) to work on /opt/airflow/dags/etl_franquias.py
[2025-12-10T11:58:11.509+0000] {processor.py:830} INFO - Processing file /opt/airflow/dags/etl_franquias.py for tasks to queue
[2025-12-10T11:58:11.539+0000] {logging_mixin.py:188} INFO - [2025-12-10T11:58:11.532+0000] {dagbag.py:545} INFO - Filling up the DagBag from /opt/airflow/dags/etl_franquias.py
[2025-12-10T11:58:14.431+0000] {processor.py:840} INFO - DAG(s) 'boti_franquias_etl' retrieved from /opt/airflow/dags/etl_franquias.py
[2025-12-10T11:58:14.551+0000] {logging_mixin.py:188} INFO - [2025-12-10T11:58:14.549+0000] {dag.py:3096} INFO - Sync 1 DAGs
[2025-12-10T11:58:14.612+0000] {logging_mixin.py:188} INFO - [2025-12-10T11:58:14.611+0000] {dag.py:3954} INFO - Setting next_dagrun for boti_franquias_etl to None, run_after=None
[2025-12-10T11:58:14.719+0000] {processor.py:183} INFO - Processing /opt/airflow/dags/etl_franquias.py took 3.370 seconds
[2025-12-10T11:58:45.548+0000] {processor.py:161} INFO - Started process (PID=226) to work on /opt/airflow/dags/etl_franquias.py
[2025-12-10T11:58:45.555+0000] {processor.py:830} INFO - Processing file /opt/airflow/dags/etl_franquias.py for tasks to queue
[2025-12-10T11:58:45.562+0000] {logging_mixin.py:188} INFO - [2025-12-10T11:58:45.561+0000] {dagbag.py:545} INFO - Filling up the DagBag from /opt/airflow/dags/etl_franquias.py
[2025-12-10T11:58:47.474+0000] {processor.py:840} INFO - DAG(s) 'boti_franquias_etl' retrieved from /opt/airflow/dags/etl_franquias.py
[2025-12-10T11:58:47.578+0000] {logging_mixin.py:188} INFO - [2025-12-10T11:58:47.576+0000] {dag.py:3096} INFO - Sync 1 DAGs
[2025-12-10T11:58:47.642+0000] {logging_mixin.py:188} INFO - [2025-12-10T11:58:47.641+0000] {dag.py:3954} INFO - Setting next_dagrun for boti_franquias_etl to None, run_after=None
[2025-12-10T11:58:48.437+0000] {processor.py:183} INFO - Processing /opt/airflow/dags/etl_franquias.py took 2.913 seconds
[2025-12-10T11:59:18.905+0000] {processor.py:161} INFO - Started process (PID=232) to work on /opt/airflow/dags/etl_franquias.py
[2025-12-10T11:59:18.912+0000] {processor.py:830} INFO - Processing file /opt/airflow/dags/etl_franquias.py for tasks to queue
[2025-12-10T11:59:18.920+0000] {logging_mixin.py:188} INFO - [2025-12-10T11:59:18.919+0000] {dagbag.py:545} INFO - Filling up the DagBag from /opt/airflow/dags/etl_franquias.py
[2025-12-10T11:59:20.458+0000] {processor.py:840} INFO - DAG(s) 'boti_franquias_etl' retrieved from /opt/airflow/dags/etl_franquias.py
[2025-12-10T11:59:20.558+0000] {logging_mixin.py:188} INFO - [2025-12-10T11:59:20.551+0000] {dag.py:3096} INFO - Sync 1 DAGs
[2025-12-10T11:59:21.034+0000] {logging_mixin.py:188} INFO - [2025-12-10T11:59:21.034+0000] {dag.py:3954} INFO - Setting next_dagrun for boti_franquias_etl to None, run_after=None
[2025-12-10T11:59:21.108+0000] {processor.py:183} INFO - Processing /opt/airflow/dags/etl_franquias.py took 2.232 seconds
[2025-12-10T12:02:01.081+0000] {processor.py:161} INFO - Started process (PID=161) to work on /opt/airflow/dags/etl_franquias.py
[2025-12-10T12:02:01.092+0000] {processor.py:830} INFO - Processing file /opt/airflow/dags/etl_franquias.py for tasks to queue
[2025-12-10T12:02:01.115+0000] {logging_mixin.py:188} INFO - [2025-12-10T12:02:01.113+0000] {dagbag.py:545} INFO - Filling up the DagBag from /opt/airflow/dags/etl_franquias.py
[2025-12-10T12:02:10.687+0000] {processor.py:840} INFO - DAG(s) 'boti_franquias_etl' retrieved from /opt/airflow/dags/etl_franquias.py
[2025-12-10T12:02:14.110+0000] {logging_mixin.py:188} INFO - [2025-12-10T12:02:14.108+0000] {override.py:1829} INFO - Created Permission View: can delete on DAG:boti_franquias_etl
[2025-12-10T12:02:14.164+0000] {logging_mixin.py:188} INFO - [2025-12-10T12:02:14.163+0000] {override.py:1829} INFO - Created Permission View: can edit on DAG:boti_franquias_etl
[2025-12-10T12:02:14.194+0000] {logging_mixin.py:188} INFO - [2025-12-10T12:02:14.193+0000] {override.py:1829} INFO - Created Permission View: can read on DAG:boti_franquias_etl
[2025-12-10T12:02:14.197+0000] {logging_mixin.py:188} INFO - [2025-12-10T12:02:14.196+0000] {dag.py:3096} INFO - Sync 1 DAGs
[2025-12-10T12:02:14.227+0000] {logging_mixin.py:188} INFO - [2025-12-10T12:02:14.226+0000] {dag.py:3118} INFO - Creating ORM DAG for boti_franquias_etl
[2025-12-10T12:02:14.229+0000] {logging_mixin.py:188} INFO - [2025-12-10T12:02:14.229+0000] {dag.py:3954} INFO - Setting next_dagrun for boti_franquias_etl to None, run_after=None
[2025-12-10T12:02:14.294+0000] {processor.py:183} INFO - Processing /opt/airflow/dags/etl_franquias.py took 13.371 seconds
[2025-12-10T12:02:44.959+0000] {processor.py:161} INFO - Started process (PID=167) to work on /opt/airflow/dags/etl_franquias.py
[2025-12-10T12:02:44.964+0000] {processor.py:830} INFO - Processing file /opt/airflow/dags/etl_franquias.py for tasks to queue
[2025-12-10T12:02:44.975+0000] {logging_mixin.py:188} INFO - [2025-12-10T12:02:44.973+0000] {dagbag.py:545} INFO - Filling up the DagBag from /opt/airflow/dags/etl_franquias.py
[2025-12-10T12:02:48.337+0000] {processor.py:840} INFO - DAG(s) 'boti_franquias_etl' retrieved from /opt/airflow/dags/etl_franquias.py
[2025-12-10T12:02:48.966+0000] {logging_mixin.py:188} INFO - [2025-12-10T12:02:48.964+0000] {dag.py:3096} INFO - Sync 1 DAGs
[2025-12-10T12:02:49.148+0000] {logging_mixin.py:188} INFO - [2025-12-10T12:02:49.147+0000] {dag.py:3954} INFO - Setting next_dagrun for boti_franquias_etl to None, run_after=None
[2025-12-10T12:02:49.397+0000] {processor.py:183} INFO - Processing /opt/airflow/dags/etl_franquias.py took 4.464 seconds
[2025-12-10T12:03:20.155+0000] {processor.py:161} INFO - Started process (PID=173) to work on /opt/airflow/dags/etl_franquias.py
[2025-12-10T12:03:20.160+0000] {processor.py:830} INFO - Processing file /opt/airflow/dags/etl_franquias.py for tasks to queue
[2025-12-10T12:03:20.167+0000] {logging_mixin.py:188} INFO - [2025-12-10T12:03:20.166+0000] {dagbag.py:545} INFO - Filling up the DagBag from /opt/airflow/dags/etl_franquias.py
[2025-12-10T12:03:21.739+0000] {processor.py:840} INFO - DAG(s) 'boti_franquias_etl' retrieved from /opt/airflow/dags/etl_franquias.py
[2025-12-10T12:03:21.869+0000] {logging_mixin.py:188} INFO - [2025-12-10T12:03:21.867+0000] {dag.py:3096} INFO - Sync 1 DAGs
[2025-12-10T12:03:21.914+0000] {logging_mixin.py:188} INFO - [2025-12-10T12:03:21.913+0000] {dag.py:3954} INFO - Setting next_dagrun for boti_franquias_etl to None, run_after=None
[2025-12-10T12:03:21.994+0000] {processor.py:183} INFO - Processing /opt/airflow/dags/etl_franquias.py took 1.872 seconds
[2025-12-10T12:03:52.298+0000] {processor.py:161} INFO - Started process (PID=179) to work on /opt/airflow/dags/etl_franquias.py
[2025-12-10T12:03:52.304+0000] {processor.py:830} INFO - Processing file /opt/airflow/dags/etl_franquias.py for tasks to queue
[2025-12-10T12:03:52.315+0000] {logging_mixin.py:188} INFO - [2025-12-10T12:03:52.313+0000] {dagbag.py:545} INFO - Filling up the DagBag from /opt/airflow/dags/etl_franquias.py
[2025-12-10T12:03:53.942+0000] {processor.py:840} INFO - DAG(s) 'boti_franquias_etl' retrieved from /opt/airflow/dags/etl_franquias.py
[2025-12-10T12:03:54.035+0000] {logging_mixin.py:188} INFO - [2025-12-10T12:03:54.033+0000] {dag.py:3096} INFO - Sync 1 DAGs
[2025-12-10T12:03:54.076+0000] {logging_mixin.py:188} INFO - [2025-12-10T12:03:54.075+0000] {dag.py:3954} INFO - Setting next_dagrun for boti_franquias_etl to None, run_after=None
[2025-12-10T12:03:54.151+0000] {processor.py:183} INFO - Processing /opt/airflow/dags/etl_franquias.py took 1.885 seconds
[2025-12-10T12:04:24.566+0000] {processor.py:161} INFO - Started process (PID=185) to work on /opt/airflow/dags/etl_franquias.py
[2025-12-10T12:04:24.573+0000] {processor.py:830} INFO - Processing file /opt/airflow/dags/etl_franquias.py for tasks to queue
[2025-12-10T12:04:24.587+0000] {logging_mixin.py:188} INFO - [2025-12-10T12:04:24.584+0000] {dagbag.py:545} INFO - Filling up the DagBag from /opt/airflow/dags/etl_franquias.py
[2025-12-10T12:04:26.379+0000] {processor.py:840} INFO - DAG(s) 'boti_franquias_etl' retrieved from /opt/airflow/dags/etl_franquias.py
[2025-12-10T12:04:26.748+0000] {logging_mixin.py:188} INFO - [2025-12-10T12:04:26.745+0000] {dag.py:3096} INFO - Sync 1 DAGs
[2025-12-10T12:04:26.846+0000] {logging_mixin.py:188} INFO - [2025-12-10T12:04:26.845+0000] {dag.py:3954} INFO - Setting next_dagrun for boti_franquias_etl to None, run_after=None
[2025-12-10T12:04:27.184+0000] {processor.py:183} INFO - Processing /opt/airflow/dags/etl_franquias.py took 2.660 seconds
[2025-12-10T12:04:57.867+0000] {processor.py:161} INFO - Started process (PID=191) to work on /opt/airflow/dags/etl_franquias.py
[2025-12-10T12:04:57.873+0000] {processor.py:830} INFO - Processing file /opt/airflow/dags/etl_franquias.py for tasks to queue
[2025-12-10T12:04:57.881+0000] {logging_mixin.py:188} INFO - [2025-12-10T12:04:57.879+0000] {dagbag.py:545} INFO - Filling up the DagBag from /opt/airflow/dags/etl_franquias.py
[2025-12-10T12:05:00.161+0000] {processor.py:840} INFO - DAG(s) 'boti_franquias_etl' retrieved from /opt/airflow/dags/etl_franquias.py
[2025-12-10T12:05:00.369+0000] {logging_mixin.py:188} INFO - [2025-12-10T12:05:00.365+0000] {dag.py:3096} INFO - Sync 1 DAGs
[2025-12-10T12:05:00.430+0000] {logging_mixin.py:188} INFO - [2025-12-10T12:05:00.429+0000] {dag.py:3954} INFO - Setting next_dagrun for boti_franquias_etl to None, run_after=None
[2025-12-10T12:05:00.528+0000] {processor.py:183} INFO - Processing /opt/airflow/dags/etl_franquias.py took 2.685 seconds
[2025-12-10T12:05:30.962+0000] {processor.py:161} INFO - Started process (PID=197) to work on /opt/airflow/dags/etl_franquias.py
[2025-12-10T12:05:30.968+0000] {processor.py:830} INFO - Processing file /opt/airflow/dags/etl_franquias.py for tasks to queue
[2025-12-10T12:05:30.986+0000] {logging_mixin.py:188} INFO - [2025-12-10T12:05:30.984+0000] {dagbag.py:545} INFO - Filling up the DagBag from /opt/airflow/dags/etl_franquias.py
[2025-12-10T12:05:35.665+0000] {processor.py:840} INFO - DAG(s) 'boti_franquias_etl' retrieved from /opt/airflow/dags/etl_franquias.py
[2025-12-10T12:05:36.115+0000] {logging_mixin.py:188} INFO - [2025-12-10T12:05:36.103+0000] {dag.py:3096} INFO - Sync 1 DAGs
[2025-12-10T12:05:36.374+0000] {logging_mixin.py:188} INFO - [2025-12-10T12:05:36.372+0000] {dag.py:3954} INFO - Setting next_dagrun for boti_franquias_etl to None, run_after=None
[2025-12-10T12:05:38.809+0000] {processor.py:183} INFO - Processing /opt/airflow/dags/etl_franquias.py took 7.972 seconds
[2025-12-10T12:06:09.741+0000] {processor.py:161} INFO - Started process (PID=203) to work on /opt/airflow/dags/etl_franquias.py
[2025-12-10T12:06:09.751+0000] {processor.py:830} INFO - Processing file /opt/airflow/dags/etl_franquias.py for tasks to queue
[2025-12-10T12:06:09.783+0000] {logging_mixin.py:188} INFO - [2025-12-10T12:06:09.771+0000] {dagbag.py:545} INFO - Filling up the DagBag from /opt/airflow/dags/etl_franquias.py
[2025-12-10T12:06:13.266+0000] {processor.py:840} INFO - DAG(s) 'boti_franquias_etl' retrieved from /opt/airflow/dags/etl_franquias.py
[2025-12-10T12:06:13.419+0000] {logging_mixin.py:188} INFO - [2025-12-10T12:06:13.411+0000] {dag.py:3096} INFO - Sync 1 DAGs
[2025-12-10T12:06:13.477+0000] {logging_mixin.py:188} INFO - [2025-12-10T12:06:13.477+0000] {dag.py:3954} INFO - Setting next_dagrun for boti_franquias_etl to None, run_after=None
[2025-12-10T12:06:13.575+0000] {processor.py:183} INFO - Processing /opt/airflow/dags/etl_franquias.py took 3.880 seconds
[2025-12-10T12:06:44.473+0000] {processor.py:161} INFO - Started process (PID=209) to work on /opt/airflow/dags/etl_franquias.py
[2025-12-10T12:06:44.477+0000] {processor.py:830} INFO - Processing file /opt/airflow/dags/etl_franquias.py for tasks to queue
[2025-12-10T12:06:44.485+0000] {logging_mixin.py:188} INFO - [2025-12-10T12:06:44.484+0000] {dagbag.py:545} INFO - Filling up the DagBag from /opt/airflow/dags/etl_franquias.py
[2025-12-10T12:06:47.127+0000] {processor.py:840} INFO - DAG(s) 'boti_franquias_etl' retrieved from /opt/airflow/dags/etl_franquias.py
[2025-12-10T12:06:48.536+0000] {logging_mixin.py:188} INFO - [2025-12-10T12:06:48.534+0000] {dag.py:3096} INFO - Sync 1 DAGs
[2025-12-10T12:06:48.590+0000] {logging_mixin.py:188} INFO - [2025-12-10T12:06:48.589+0000] {dag.py:3954} INFO - Setting next_dagrun for boti_franquias_etl to None, run_after=None
[2025-12-10T12:06:48.679+0000] {processor.py:183} INFO - Processing /opt/airflow/dags/etl_franquias.py took 4.237 seconds
[2025-12-10T12:07:19.200+0000] {processor.py:161} INFO - Started process (PID=215) to work on /opt/airflow/dags/etl_franquias.py
[2025-12-10T12:07:19.205+0000] {processor.py:830} INFO - Processing file /opt/airflow/dags/etl_franquias.py for tasks to queue
[2025-12-10T12:07:19.215+0000] {logging_mixin.py:188} INFO - [2025-12-10T12:07:19.214+0000] {dagbag.py:545} INFO - Filling up the DagBag from /opt/airflow/dags/etl_franquias.py
[2025-12-10T12:07:20.564+0000] {processor.py:840} INFO - DAG(s) 'boti_franquias_etl' retrieved from /opt/airflow/dags/etl_franquias.py
[2025-12-10T12:07:20.643+0000] {logging_mixin.py:188} INFO - [2025-12-10T12:07:20.641+0000] {dag.py:3096} INFO - Sync 1 DAGs
[2025-12-10T12:07:20.680+0000] {logging_mixin.py:188} INFO - [2025-12-10T12:07:20.679+0000] {dag.py:3954} INFO - Setting next_dagrun for boti_franquias_etl to None, run_after=None
[2025-12-10T12:07:20.747+0000] {processor.py:183} INFO - Processing /opt/airflow/dags/etl_franquias.py took 1.572 seconds
[2025-12-10T12:07:51.603+0000] {processor.py:161} INFO - Started process (PID=221) to work on /opt/airflow/dags/etl_franquias.py
[2025-12-10T12:07:51.607+0000] {processor.py:830} INFO - Processing file /opt/airflow/dags/etl_franquias.py for tasks to queue
[2025-12-10T12:07:51.614+0000] {logging_mixin.py:188} INFO - [2025-12-10T12:07:51.612+0000] {dagbag.py:545} INFO - Filling up the DagBag from /opt/airflow/dags/etl_franquias.py
[2025-12-10T12:07:52.707+0000] {processor.py:840} INFO - DAG(s) 'boti_franquias_etl' retrieved from /opt/airflow/dags/etl_franquias.py
[2025-12-10T12:07:52.784+0000] {logging_mixin.py:188} INFO - [2025-12-10T12:07:52.782+0000] {dag.py:3096} INFO - Sync 1 DAGs
[2025-12-10T12:07:52.821+0000] {logging_mixin.py:188} INFO - [2025-12-10T12:07:52.819+0000] {dag.py:3954} INFO - Setting next_dagrun for boti_franquias_etl to None, run_after=None
[2025-12-10T12:07:52.897+0000] {processor.py:183} INFO - Processing /opt/airflow/dags/etl_franquias.py took 1.315 seconds
[2025-12-10T12:08:23.343+0000] {processor.py:161} INFO - Started process (PID=227) to work on /opt/airflow/dags/etl_franquias.py
[2025-12-10T12:08:23.348+0000] {processor.py:830} INFO - Processing file /opt/airflow/dags/etl_franquias.py for tasks to queue
[2025-12-10T12:08:23.358+0000] {logging_mixin.py:188} INFO - [2025-12-10T12:08:23.357+0000] {dagbag.py:545} INFO - Filling up the DagBag from /opt/airflow/dags/etl_franquias.py
[2025-12-10T12:08:24.884+0000] {processor.py:840} INFO - DAG(s) 'boti_franquias_etl' retrieved from /opt/airflow/dags/etl_franquias.py
[2025-12-10T12:08:24.978+0000] {logging_mixin.py:188} INFO - [2025-12-10T12:08:24.977+0000] {dag.py:3096} INFO - Sync 1 DAGs
[2025-12-10T12:08:25.028+0000] {logging_mixin.py:188} INFO - [2025-12-10T12:08:25.028+0000] {dag.py:3954} INFO - Setting next_dagrun for boti_franquias_etl to None, run_after=None
[2025-12-10T12:08:25.987+0000] {processor.py:183} INFO - Processing /opt/airflow/dags/etl_franquias.py took 2.676 seconds
[2025-12-10T12:08:57.688+0000] {processor.py:161} INFO - Started process (PID=233) to work on /opt/airflow/dags/etl_franquias.py
[2025-12-10T12:08:57.899+0000] {processor.py:830} INFO - Processing file /opt/airflow/dags/etl_franquias.py for tasks to queue
[2025-12-10T12:08:58.049+0000] {logging_mixin.py:188} INFO - [2025-12-10T12:08:58.047+0000] {dagbag.py:545} INFO - Filling up the DagBag from /opt/airflow/dags/etl_franquias.py
[2025-12-10T12:09:07.658+0000] {processor.py:840} INFO - DAG(s) 'boti_franquias_etl' retrieved from /opt/airflow/dags/etl_franquias.py
[2025-12-10T12:09:08.186+0000] {logging_mixin.py:188} INFO - [2025-12-10T12:09:08.182+0000] {dag.py:3096} INFO - Sync 1 DAGs
[2025-12-10T12:09:14.725+0000] {logging_mixin.py:188} INFO - [2025-12-10T12:09:14.710+0000] {dag.py:3954} INFO - Setting next_dagrun for boti_franquias_etl to None, run_after=None
[2025-12-10T12:09:15.139+0000] {processor.py:183} INFO - Processing /opt/airflow/dags/etl_franquias.py took 17.997 seconds
[2025-12-10T12:09:46.340+0000] {processor.py:161} INFO - Started process (PID=239) to work on /opt/airflow/dags/etl_franquias.py
[2025-12-10T12:09:46.344+0000] {processor.py:830} INFO - Processing file /opt/airflow/dags/etl_franquias.py for tasks to queue
[2025-12-10T12:09:46.375+0000] {logging_mixin.py:188} INFO - [2025-12-10T12:09:46.372+0000] {dagbag.py:545} INFO - Filling up the DagBag from /opt/airflow/dags/etl_franquias.py
[2025-12-10T12:09:52.284+0000] {processor.py:840} INFO - DAG(s) 'boti_franquias_etl' retrieved from /opt/airflow/dags/etl_franquias.py
[2025-12-10T12:09:52.807+0000] {logging_mixin.py:188} INFO - [2025-12-10T12:09:52.803+0000] {dag.py:3096} INFO - Sync 1 DAGs
[2025-12-10T12:09:53.078+0000] {logging_mixin.py:188} INFO - [2025-12-10T12:09:53.068+0000] {dag.py:3954} INFO - Setting next_dagrun for boti_franquias_etl to None, run_after=None
[2025-12-10T12:09:53.371+0000] {processor.py:183} INFO - Processing /opt/airflow/dags/etl_franquias.py took 7.084 seconds
[2025-12-10T12:10:25.560+0000] {processor.py:161} INFO - Started process (PID=245) to work on /opt/airflow/dags/etl_franquias.py
[2025-12-10T12:10:25.592+0000] {processor.py:830} INFO - Processing file /opt/airflow/dags/etl_franquias.py for tasks to queue
[2025-12-10T12:10:25.627+0000] {logging_mixin.py:188} INFO - [2025-12-10T12:10:25.625+0000] {dagbag.py:545} INFO - Filling up the DagBag from /opt/airflow/dags/etl_franquias.py
[2025-12-10T12:10:30.283+0000] {processor.py:840} INFO - DAG(s) 'boti_franquias_etl' retrieved from /opt/airflow/dags/etl_franquias.py
[2025-12-10T12:10:30.607+0000] {logging_mixin.py:188} INFO - [2025-12-10T12:10:30.604+0000] {dag.py:3096} INFO - Sync 1 DAGs
[2025-12-10T12:10:30.684+0000] {logging_mixin.py:188} INFO - [2025-12-10T12:10:30.682+0000] {dag.py:3954} INFO - Setting next_dagrun for boti_franquias_etl to None, run_after=None
[2025-12-10T12:10:30.780+0000] {processor.py:183} INFO - Processing /opt/airflow/dags/etl_franquias.py took 5.348 seconds
[2025-12-10T12:11:01.354+0000] {processor.py:161} INFO - Started process (PID=251) to work on /opt/airflow/dags/etl_franquias.py
[2025-12-10T12:11:01.359+0000] {processor.py:830} INFO - Processing file /opt/airflow/dags/etl_franquias.py for tasks to queue
[2025-12-10T12:11:01.369+0000] {logging_mixin.py:188} INFO - [2025-12-10T12:11:01.367+0000] {dagbag.py:545} INFO - Filling up the DagBag from /opt/airflow/dags/etl_franquias.py
[2025-12-10T12:11:03.283+0000] {processor.py:840} INFO - DAG(s) 'boti_franquias_etl' retrieved from /opt/airflow/dags/etl_franquias.py
[2025-12-10T12:11:03.496+0000] {logging_mixin.py:188} INFO - [2025-12-10T12:11:03.490+0000] {dag.py:3096} INFO - Sync 1 DAGs
[2025-12-10T12:11:03.628+0000] {logging_mixin.py:188} INFO - [2025-12-10T12:11:03.621+0000] {dag.py:3954} INFO - Setting next_dagrun for boti_franquias_etl to None, run_after=None
[2025-12-10T12:11:03.960+0000] {processor.py:183} INFO - Processing /opt/airflow/dags/etl_franquias.py took 2.641 seconds
[2025-12-10T12:11:34.626+0000] {processor.py:161} INFO - Started process (PID=257) to work on /opt/airflow/dags/etl_franquias.py
[2025-12-10T12:11:34.630+0000] {processor.py:830} INFO - Processing file /opt/airflow/dags/etl_franquias.py for tasks to queue
[2025-12-10T12:11:34.638+0000] {logging_mixin.py:188} INFO - [2025-12-10T12:11:34.636+0000] {dagbag.py:545} INFO - Filling up the DagBag from /opt/airflow/dags/etl_franquias.py
[2025-12-10T12:11:35.760+0000] {processor.py:840} INFO - DAG(s) 'boti_franquias_etl' retrieved from /opt/airflow/dags/etl_franquias.py
[2025-12-10T12:11:35.853+0000] {logging_mixin.py:188} INFO - [2025-12-10T12:11:35.851+0000] {dag.py:3096} INFO - Sync 1 DAGs
[2025-12-10T12:11:35.918+0000] {logging_mixin.py:188} INFO - [2025-12-10T12:11:35.916+0000] {dag.py:3954} INFO - Setting next_dagrun for boti_franquias_etl to None, run_after=None
[2025-12-10T12:11:36.638+0000] {processor.py:183} INFO - Processing /opt/airflow/dags/etl_franquias.py took 2.134 seconds
[2025-12-10T12:12:07.652+0000] {processor.py:161} INFO - Started process (PID=263) to work on /opt/airflow/dags/etl_franquias.py
[2025-12-10T12:12:07.655+0000] {processor.py:830} INFO - Processing file /opt/airflow/dags/etl_franquias.py for tasks to queue
[2025-12-10T12:12:07.661+0000] {logging_mixin.py:188} INFO - [2025-12-10T12:12:07.660+0000] {dagbag.py:545} INFO - Filling up the DagBag from /opt/airflow/dags/etl_franquias.py
[2025-12-10T12:12:10.104+0000] {processor.py:840} INFO - DAG(s) 'boti_franquias_etl' retrieved from /opt/airflow/dags/etl_franquias.py
[2025-12-10T12:12:10.583+0000] {logging_mixin.py:188} INFO - [2025-12-10T12:12:10.570+0000] {dag.py:3096} INFO - Sync 1 DAGs
[2025-12-10T12:12:11.668+0000] {logging_mixin.py:188} INFO - [2025-12-10T12:12:11.667+0000] {dag.py:3954} INFO - Setting next_dagrun for boti_franquias_etl to None, run_after=None
[2025-12-10T12:12:11.753+0000] {processor.py:183} INFO - Processing /opt/airflow/dags/etl_franquias.py took 4.117 seconds
[2025-12-10T12:12:42.689+0000] {processor.py:161} INFO - Started process (PID=269) to work on /opt/airflow/dags/etl_franquias.py
[2025-12-10T12:12:42.693+0000] {processor.py:830} INFO - Processing file /opt/airflow/dags/etl_franquias.py for tasks to queue
[2025-12-10T12:12:42.699+0000] {logging_mixin.py:188} INFO - [2025-12-10T12:12:42.698+0000] {dagbag.py:545} INFO - Filling up the DagBag from /opt/airflow/dags/etl_franquias.py
[2025-12-10T12:12:44.618+0000] {processor.py:840} INFO - DAG(s) 'boti_franquias_etl' retrieved from /opt/airflow/dags/etl_franquias.py
[2025-12-10T12:12:44.746+0000] {logging_mixin.py:188} INFO - [2025-12-10T12:12:44.743+0000] {dag.py:3096} INFO - Sync 1 DAGs
[2025-12-10T12:12:44.825+0000] {logging_mixin.py:188} INFO - [2025-12-10T12:12:44.824+0000] {dag.py:3954} INFO - Setting next_dagrun for boti_franquias_etl to None, run_after=None
[2025-12-10T12:12:44.951+0000] {processor.py:183} INFO - Processing /opt/airflow/dags/etl_franquias.py took 2.279 seconds
[2025-12-10T12:13:15.415+0000] {processor.py:161} INFO - Started process (PID=275) to work on /opt/airflow/dags/etl_franquias.py
[2025-12-10T12:13:15.419+0000] {processor.py:830} INFO - Processing file /opt/airflow/dags/etl_franquias.py for tasks to queue
[2025-12-10T12:13:15.425+0000] {logging_mixin.py:188} INFO - [2025-12-10T12:13:15.424+0000] {dagbag.py:545} INFO - Filling up the DagBag from /opt/airflow/dags/etl_franquias.py
[2025-12-10T12:13:16.698+0000] {processor.py:840} INFO - DAG(s) 'boti_franquias_etl' retrieved from /opt/airflow/dags/etl_franquias.py
[2025-12-10T12:13:16.842+0000] {logging_mixin.py:188} INFO - [2025-12-10T12:13:16.841+0000] {dag.py:3096} INFO - Sync 1 DAGs
[2025-12-10T12:13:16.880+0000] {logging_mixin.py:188} INFO - [2025-12-10T12:13:16.879+0000] {dag.py:3954} INFO - Setting next_dagrun for boti_franquias_etl to None, run_after=None
[2025-12-10T12:13:16.963+0000] {processor.py:183} INFO - Processing /opt/airflow/dags/etl_franquias.py took 1.566 seconds
[2025-12-10T12:13:47.515+0000] {processor.py:161} INFO - Started process (PID=281) to work on /opt/airflow/dags/etl_franquias.py
[2025-12-10T12:13:47.519+0000] {processor.py:830} INFO - Processing file /opt/airflow/dags/etl_franquias.py for tasks to queue
[2025-12-10T12:13:47.526+0000] {logging_mixin.py:188} INFO - [2025-12-10T12:13:47.525+0000] {dagbag.py:545} INFO - Filling up the DagBag from /opt/airflow/dags/etl_franquias.py
[2025-12-10T12:13:49.101+0000] {processor.py:840} INFO - DAG(s) 'boti_franquias_etl' retrieved from /opt/airflow/dags/etl_franquias.py
[2025-12-10T12:13:49.419+0000] {logging_mixin.py:188} INFO - [2025-12-10T12:13:49.416+0000] {dag.py:3096} INFO - Sync 1 DAGs
[2025-12-10T12:13:49.501+0000] {logging_mixin.py:188} INFO - [2025-12-10T12:13:49.499+0000] {dag.py:3954} INFO - Setting next_dagrun for boti_franquias_etl to None, run_after=None
[2025-12-10T12:13:49.698+0000] {processor.py:183} INFO - Processing /opt/airflow/dags/etl_franquias.py took 2.208 seconds
[2025-12-10T12:14:20.778+0000] {processor.py:161} INFO - Started process (PID=287) to work on /opt/airflow/dags/etl_franquias.py
[2025-12-10T12:14:20.782+0000] {processor.py:830} INFO - Processing file /opt/airflow/dags/etl_franquias.py for tasks to queue
[2025-12-10T12:14:20.790+0000] {logging_mixin.py:188} INFO - [2025-12-10T12:14:20.789+0000] {dagbag.py:545} INFO - Filling up the DagBag from /opt/airflow/dags/etl_franquias.py
[2025-12-10T12:14:22.032+0000] {processor.py:840} INFO - DAG(s) 'boti_franquias_etl' retrieved from /opt/airflow/dags/etl_franquias.py
[2025-12-10T12:14:22.136+0000] {logging_mixin.py:188} INFO - [2025-12-10T12:14:22.134+0000] {dag.py:3096} INFO - Sync 1 DAGs
[2025-12-10T12:14:22.175+0000] {logging_mixin.py:188} INFO - [2025-12-10T12:14:22.174+0000] {dag.py:3954} INFO - Setting next_dagrun for boti_franquias_etl to None, run_after=None
[2025-12-10T12:14:22.870+0000] {processor.py:183} INFO - Processing /opt/airflow/dags/etl_franquias.py took 2.111 seconds
[2025-12-10T12:14:54.221+0000] {processor.py:161} INFO - Started process (PID=293) to work on /opt/airflow/dags/etl_franquias.py
[2025-12-10T12:14:54.239+0000] {processor.py:830} INFO - Processing file /opt/airflow/dags/etl_franquias.py for tasks to queue
[2025-12-10T12:14:54.286+0000] {logging_mixin.py:188} INFO - [2025-12-10T12:14:54.272+0000] {dagbag.py:545} INFO - Filling up the DagBag from /opt/airflow/dags/etl_franquias.py
[2025-12-10T12:14:56.369+0000] {processor.py:840} INFO - DAG(s) 'boti_franquias_etl' retrieved from /opt/airflow/dags/etl_franquias.py
[2025-12-10T12:14:56.514+0000] {logging_mixin.py:188} INFO - [2025-12-10T12:14:56.512+0000] {dag.py:3096} INFO - Sync 1 DAGs
[2025-12-10T12:14:56.609+0000] {logging_mixin.py:188} INFO - [2025-12-10T12:14:56.608+0000] {dag.py:3954} INFO - Setting next_dagrun for boti_franquias_etl to None, run_after=None
[2025-12-10T12:14:57.261+0000] {processor.py:183} INFO - Processing /opt/airflow/dags/etl_franquias.py took 3.126 seconds
[2025-12-10T12:15:28.086+0000] {processor.py:161} INFO - Started process (PID=299) to work on /opt/airflow/dags/etl_franquias.py
[2025-12-10T12:15:28.091+0000] {processor.py:830} INFO - Processing file /opt/airflow/dags/etl_franquias.py for tasks to queue
[2025-12-10T12:15:28.099+0000] {logging_mixin.py:188} INFO - [2025-12-10T12:15:28.098+0000] {dagbag.py:545} INFO - Filling up the DagBag from /opt/airflow/dags/etl_franquias.py
[2025-12-10T12:15:31.056+0000] {processor.py:840} INFO - DAG(s) 'boti_franquias_etl' retrieved from /opt/airflow/dags/etl_franquias.py
[2025-12-10T12:15:31.161+0000] {logging_mixin.py:188} INFO - [2025-12-10T12:15:31.154+0000] {dag.py:3096} INFO - Sync 1 DAGs
[2025-12-10T12:15:31.782+0000] {logging_mixin.py:188} INFO - [2025-12-10T12:15:31.781+0000] {dag.py:3954} INFO - Setting next_dagrun for boti_franquias_etl to None, run_after=None
[2025-12-10T12:15:31.879+0000] {processor.py:183} INFO - Processing /opt/airflow/dags/etl_franquias.py took 3.818 seconds
[2025-12-10T12:16:04.075+0000] {processor.py:161} INFO - Started process (PID=305) to work on /opt/airflow/dags/etl_franquias.py
[2025-12-10T12:16:04.147+0000] {processor.py:830} INFO - Processing file /opt/airflow/dags/etl_franquias.py for tasks to queue
[2025-12-10T12:16:04.197+0000] {logging_mixin.py:188} INFO - [2025-12-10T12:16:04.196+0000] {dagbag.py:545} INFO - Filling up the DagBag from /opt/airflow/dags/etl_franquias.py
[2025-12-10T12:16:09.603+0000] {processor.py:840} INFO - DAG(s) 'boti_franquias_etl' retrieved from /opt/airflow/dags/etl_franquias.py
[2025-12-10T12:16:09.961+0000] {logging_mixin.py:188} INFO - [2025-12-10T12:16:09.956+0000] {dag.py:3096} INFO - Sync 1 DAGs
[2025-12-10T12:16:10.085+0000] {logging_mixin.py:188} INFO - [2025-12-10T12:16:10.084+0000] {dag.py:3954} INFO - Setting next_dagrun for boti_franquias_etl to None, run_after=None
[2025-12-10T12:16:10.266+0000] {processor.py:183} INFO - Processing /opt/airflow/dags/etl_franquias.py took 6.385 seconds
[2025-12-10T12:16:41.271+0000] {processor.py:161} INFO - Started process (PID=313) to work on /opt/airflow/dags/etl_franquias.py
[2025-12-10T12:16:41.284+0000] {processor.py:830} INFO - Processing file /opt/airflow/dags/etl_franquias.py for tasks to queue
[2025-12-10T12:16:41.305+0000] {logging_mixin.py:188} INFO - [2025-12-10T12:16:41.302+0000] {dagbag.py:545} INFO - Filling up the DagBag from /opt/airflow/dags/etl_franquias.py
[2025-12-10T12:16:46.923+0000] {processor.py:840} INFO - DAG(s) 'boti_franquias_etl' retrieved from /opt/airflow/dags/etl_franquias.py
[2025-12-10T12:16:47.193+0000] {logging_mixin.py:188} INFO - [2025-12-10T12:16:47.190+0000] {dag.py:3096} INFO - Sync 1 DAGs
[2025-12-10T12:16:47.269+0000] {logging_mixin.py:188} INFO - [2025-12-10T12:16:47.268+0000] {dag.py:3954} INFO - Setting next_dagrun for boti_franquias_etl to None, run_after=None
[2025-12-10T12:16:47.399+0000] {processor.py:183} INFO - Processing /opt/airflow/dags/etl_franquias.py took 6.246 seconds
[2025-12-10T12:17:20.041+0000] {processor.py:161} INFO - Started process (PID=323) to work on /opt/airflow/dags/etl_franquias.py
[2025-12-10T12:17:20.053+0000] {processor.py:830} INFO - Processing file /opt/airflow/dags/etl_franquias.py for tasks to queue
[2025-12-10T12:17:20.093+0000] {logging_mixin.py:188} INFO - [2025-12-10T12:17:20.091+0000] {dagbag.py:545} INFO - Filling up the DagBag from /opt/airflow/dags/etl_franquias.py
[2025-12-10T12:17:27.050+0000] {processor.py:840} INFO - DAG(s) 'boti_franquias_etl' retrieved from /opt/airflow/dags/etl_franquias.py
[2025-12-10T12:17:27.437+0000] {logging_mixin.py:188} INFO - [2025-12-10T12:17:27.426+0000] {dag.py:3096} INFO - Sync 1 DAGs
[2025-12-10T12:17:27.604+0000] {logging_mixin.py:188} INFO - [2025-12-10T12:17:27.603+0000] {dag.py:3954} INFO - Setting next_dagrun for boti_franquias_etl to None, run_after=None
[2025-12-10T12:17:27.933+0000] {processor.py:183} INFO - Processing /opt/airflow/dags/etl_franquias.py took 8.022 seconds
[2025-12-10T12:17:58.491+0000] {processor.py:161} INFO - Started process (PID=329) to work on /opt/airflow/dags/etl_franquias.py
[2025-12-10T12:17:58.494+0000] {processor.py:830} INFO - Processing file /opt/airflow/dags/etl_franquias.py for tasks to queue
[2025-12-10T12:17:58.501+0000] {logging_mixin.py:188} INFO - [2025-12-10T12:17:58.500+0000] {dagbag.py:545} INFO - Filling up the DagBag from /opt/airflow/dags/etl_franquias.py
[2025-12-10T12:18:00.138+0000] {processor.py:840} INFO - DAG(s) 'boti_franquias_etl' retrieved from /opt/airflow/dags/etl_franquias.py
[2025-12-10T12:18:00.255+0000] {logging_mixin.py:188} INFO - [2025-12-10T12:18:00.253+0000] {dag.py:3096} INFO - Sync 1 DAGs
[2025-12-10T12:18:00.298+0000] {logging_mixin.py:188} INFO - [2025-12-10T12:18:00.297+0000] {dag.py:3954} INFO - Setting next_dagrun for boti_franquias_etl to None, run_after=None
[2025-12-10T12:18:00.732+0000] {processor.py:183} INFO - Processing /opt/airflow/dags/etl_franquias.py took 2.258 seconds
[2025-12-10T12:18:30.993+0000] {processor.py:161} INFO - Started process (PID=335) to work on /opt/airflow/dags/etl_franquias.py
[2025-12-10T12:18:30.997+0000] {processor.py:830} INFO - Processing file /opt/airflow/dags/etl_franquias.py for tasks to queue
[2025-12-10T12:18:31.006+0000] {logging_mixin.py:188} INFO - [2025-12-10T12:18:31.005+0000] {dagbag.py:545} INFO - Filling up the DagBag from /opt/airflow/dags/etl_franquias.py
[2025-12-10T12:18:31.884+0000] {processor.py:840} INFO - DAG(s) 'boti_franquias_etl' retrieved from /opt/airflow/dags/etl_franquias.py
[2025-12-10T12:18:31.958+0000] {logging_mixin.py:188} INFO - [2025-12-10T12:18:31.953+0000] {dag.py:3096} INFO - Sync 1 DAGs
[2025-12-10T12:18:32.299+0000] {logging_mixin.py:188} INFO - [2025-12-10T12:18:32.299+0000] {dag.py:3954} INFO - Setting next_dagrun for boti_franquias_etl to None, run_after=None
[2025-12-10T12:18:32.358+0000] {processor.py:183} INFO - Processing /opt/airflow/dags/etl_franquias.py took 1.386 seconds
[2025-12-10T12:19:03.229+0000] {processor.py:161} INFO - Started process (PID=341) to work on /opt/airflow/dags/etl_franquias.py
[2025-12-10T12:19:03.237+0000] {processor.py:830} INFO - Processing file /opt/airflow/dags/etl_franquias.py for tasks to queue
[2025-12-10T12:19:03.248+0000] {logging_mixin.py:188} INFO - [2025-12-10T12:19:03.245+0000] {dagbag.py:545} INFO - Filling up the DagBag from /opt/airflow/dags/etl_franquias.py
[2025-12-10T12:19:06.103+0000] {processor.py:840} INFO - DAG(s) 'boti_franquias_etl' retrieved from /opt/airflow/dags/etl_franquias.py
[2025-12-10T12:19:06.381+0000] {logging_mixin.py:188} INFO - [2025-12-10T12:19:06.378+0000] {dag.py:3096} INFO - Sync 1 DAGs
[2025-12-10T12:19:06.484+0000] {logging_mixin.py:188} INFO - [2025-12-10T12:19:06.482+0000] {dag.py:3954} INFO - Setting next_dagrun for boti_franquias_etl to None, run_after=None
[2025-12-10T12:19:06.749+0000] {processor.py:183} INFO - Processing /opt/airflow/dags/etl_franquias.py took 3.640 seconds
[2025-12-10T12:19:37.066+0000] {processor.py:161} INFO - Started process (PID=347) to work on /opt/airflow/dags/etl_franquias.py
[2025-12-10T12:19:37.070+0000] {processor.py:830} INFO - Processing file /opt/airflow/dags/etl_franquias.py for tasks to queue
[2025-12-10T12:19:37.075+0000] {logging_mixin.py:188} INFO - [2025-12-10T12:19:37.074+0000] {dagbag.py:545} INFO - Filling up the DagBag from /opt/airflow/dags/etl_franquias.py
[2025-12-10T12:19:38.248+0000] {processor.py:840} INFO - DAG(s) 'boti_franquias_etl' retrieved from /opt/airflow/dags/etl_franquias.py
[2025-12-10T12:19:38.321+0000] {logging_mixin.py:188} INFO - [2025-12-10T12:19:38.319+0000] {dag.py:3096} INFO - Sync 1 DAGs
[2025-12-10T12:19:38.356+0000] {logging_mixin.py:188} INFO - [2025-12-10T12:19:38.355+0000] {dag.py:3954} INFO - Setting next_dagrun for boti_franquias_etl to None, run_after=None
[2025-12-10T12:19:38.420+0000] {processor.py:183} INFO - Processing /opt/airflow/dags/etl_franquias.py took 1.374 seconds
[2025-12-10T12:20:12.443+0000] {processor.py:161} INFO - Started process (PID=353) to work on /opt/airflow/dags/etl_franquias.py
[2025-12-10T12:20:12.505+0000] {processor.py:830} INFO - Processing file /opt/airflow/dags/etl_franquias.py for tasks to queue
[2025-12-10T12:20:12.864+0000] {logging_mixin.py:188} INFO - [2025-12-10T12:20:12.862+0000] {dagbag.py:545} INFO - Filling up the DagBag from /opt/airflow/dags/etl_franquias.py
[2025-12-10T12:20:23.172+0000] {processor.py:840} INFO - DAG(s) 'boti_franquias_etl' retrieved from /opt/airflow/dags/etl_franquias.py
[2025-12-10T12:20:23.476+0000] {logging_mixin.py:188} INFO - [2025-12-10T12:20:23.462+0000] {dag.py:3096} INFO - Sync 1 DAGs
[2025-12-10T12:20:23.601+0000] {logging_mixin.py:188} INFO - [2025-12-10T12:20:23.600+0000] {dag.py:3954} INFO - Setting next_dagrun for boti_franquias_etl to None, run_after=None
[2025-12-10T12:20:23.806+0000] {processor.py:183} INFO - Processing /opt/airflow/dags/etl_franquias.py took 11.935 seconds
[2025-12-10T12:20:54.747+0000] {processor.py:161} INFO - Started process (PID=359) to work on /opt/airflow/dags/etl_franquias.py
[2025-12-10T12:20:54.760+0000] {processor.py:830} INFO - Processing file /opt/airflow/dags/etl_franquias.py for tasks to queue
[2025-12-10T12:20:54.769+0000] {logging_mixin.py:188} INFO - [2025-12-10T12:20:54.767+0000] {dagbag.py:545} INFO - Filling up the DagBag from /opt/airflow/dags/etl_franquias.py
[2025-12-10T12:20:59.866+0000] {processor.py:840} INFO - DAG(s) 'boti_franquias_etl' retrieved from /opt/airflow/dags/etl_franquias.py
[2025-12-10T12:21:01.507+0000] {logging_mixin.py:188} INFO - [2025-12-10T12:21:01.492+0000] {dag.py:3096} INFO - Sync 1 DAGs
[2025-12-10T12:21:02.219+0000] {logging_mixin.py:188} INFO - [2025-12-10T12:21:02.218+0000] {dag.py:3954} INFO - Setting next_dagrun for boti_franquias_etl to None, run_after=None
[2025-12-10T12:21:08.366+0000] {processor.py:183} INFO - Processing /opt/airflow/dags/etl_franquias.py took 13.750 seconds
[2025-12-10T12:21:39.221+0000] {processor.py:161} INFO - Started process (PID=365) to work on /opt/airflow/dags/etl_franquias.py
[2025-12-10T12:21:39.225+0000] {processor.py:830} INFO - Processing file /opt/airflow/dags/etl_franquias.py for tasks to queue
[2025-12-10T12:21:39.232+0000] {logging_mixin.py:188} INFO - [2025-12-10T12:21:39.231+0000] {dagbag.py:545} INFO - Filling up the DagBag from /opt/airflow/dags/etl_franquias.py
[2025-12-10T12:21:40.240+0000] {processor.py:840} INFO - DAG(s) 'boti_franquias_etl' retrieved from /opt/airflow/dags/etl_franquias.py
[2025-12-10T12:21:40.323+0000] {logging_mixin.py:188} INFO - [2025-12-10T12:21:40.318+0000] {dag.py:3096} INFO - Sync 1 DAGs
[2025-12-10T12:21:40.858+0000] {logging_mixin.py:188} INFO - [2025-12-10T12:21:40.858+0000] {dag.py:3954} INFO - Setting next_dagrun for boti_franquias_etl to None, run_after=None
[2025-12-10T12:21:40.926+0000] {processor.py:183} INFO - Processing /opt/airflow/dags/etl_franquias.py took 1.720 seconds
[2025-12-10T12:22:12.705+0000] {processor.py:161} INFO - Started process (PID=371) to work on /opt/airflow/dags/etl_franquias.py
[2025-12-10T12:22:12.715+0000] {processor.py:830} INFO - Processing file /opt/airflow/dags/etl_franquias.py for tasks to queue
[2025-12-10T12:22:12.727+0000] {logging_mixin.py:188} INFO - [2025-12-10T12:22:12.725+0000] {dagbag.py:545} INFO - Filling up the DagBag from /opt/airflow/dags/etl_franquias.py
[2025-12-10T12:22:15.913+0000] {processor.py:840} INFO - DAG(s) 'boti_franquias_etl' retrieved from /opt/airflow/dags/etl_franquias.py
[2025-12-10T12:22:15.993+0000] {logging_mixin.py:188} INFO - [2025-12-10T12:22:15.992+0000] {dag.py:3096} INFO - Sync 1 DAGs
[2025-12-10T12:22:16.044+0000] {logging_mixin.py:188} INFO - [2025-12-10T12:22:16.044+0000] {dag.py:3954} INFO - Setting next_dagrun for boti_franquias_etl to None, run_after=None
[2025-12-10T12:22:16.113+0000] {processor.py:183} INFO - Processing /opt/airflow/dags/etl_franquias.py took 3.474 seconds
[2025-12-10T12:22:48.499+0000] {processor.py:161} INFO - Started process (PID=377) to work on /opt/airflow/dags/etl_franquias.py
[2025-12-10T12:22:48.520+0000] {processor.py:830} INFO - Processing file /opt/airflow/dags/etl_franquias.py for tasks to queue
[2025-12-10T12:22:48.567+0000] {logging_mixin.py:188} INFO - [2025-12-10T12:22:48.563+0000] {dagbag.py:545} INFO - Filling up the DagBag from /opt/airflow/dags/etl_franquias.py
[2025-12-10T12:22:57.723+0000] {processor.py:840} INFO - DAG(s) 'boti_franquias_etl' retrieved from /opt/airflow/dags/etl_franquias.py
[2025-12-10T12:22:58.359+0000] {logging_mixin.py:188} INFO - [2025-12-10T12:22:58.356+0000] {dag.py:3096} INFO - Sync 1 DAGs
[2025-12-10T12:22:58.463+0000] {logging_mixin.py:188} INFO - [2025-12-10T12:22:58.462+0000] {dag.py:3954} INFO - Setting next_dagrun for boti_franquias_etl to None, run_after=None
[2025-12-10T12:22:58.555+0000] {processor.py:183} INFO - Processing /opt/airflow/dags/etl_franquias.py took 10.195 seconds
[2025-12-10T12:23:30.298+0000] {processor.py:161} INFO - Started process (PID=383) to work on /opt/airflow/dags/etl_franquias.py
[2025-12-10T12:23:30.310+0000] {processor.py:830} INFO - Processing file /opt/airflow/dags/etl_franquias.py for tasks to queue
[2025-12-10T12:23:30.361+0000] {logging_mixin.py:188} INFO - [2025-12-10T12:23:30.357+0000] {dagbag.py:545} INFO - Filling up the DagBag from /opt/airflow/dags/etl_franquias.py
[2025-12-10T12:23:39.682+0000] {processor.py:840} INFO - DAG(s) 'boti_franquias_etl' retrieved from /opt/airflow/dags/etl_franquias.py
[2025-12-10T12:23:40.458+0000] {logging_mixin.py:188} INFO - [2025-12-10T12:23:40.456+0000] {dag.py:3096} INFO - Sync 1 DAGs
[2025-12-10T12:23:40.819+0000] {logging_mixin.py:188} INFO - [2025-12-10T12:23:40.816+0000] {dag.py:3954} INFO - Setting next_dagrun for boti_franquias_etl to None, run_after=None
[2025-12-10T12:23:41.381+0000] {processor.py:183} INFO - Processing /opt/airflow/dags/etl_franquias.py took 11.268 seconds
[2025-12-10T12:24:12.887+0000] {processor.py:161} INFO - Started process (PID=392) to work on /opt/airflow/dags/etl_franquias.py
[2025-12-10T12:24:12.920+0000] {processor.py:830} INFO - Processing file /opt/airflow/dags/etl_franquias.py for tasks to queue
[2025-12-10T12:24:13.007+0000] {logging_mixin.py:188} INFO - [2025-12-10T12:24:12.991+0000] {dagbag.py:545} INFO - Filling up the DagBag from /opt/airflow/dags/etl_franquias.py
[2025-12-10T12:24:19.967+0000] {processor.py:840} INFO - DAG(s) 'boti_franquias_etl' retrieved from /opt/airflow/dags/etl_franquias.py
[2025-12-10T12:24:20.345+0000] {logging_mixin.py:188} INFO - [2025-12-10T12:24:20.344+0000] {dag.py:3096} INFO - Sync 1 DAGs
[2025-12-10T12:24:20.539+0000] {logging_mixin.py:188} INFO - [2025-12-10T12:24:20.537+0000] {dag.py:3954} INFO - Setting next_dagrun for boti_franquias_etl to None, run_after=None
[2025-12-10T12:24:21.727+0000] {processor.py:183} INFO - Processing /opt/airflow/dags/etl_franquias.py took 9.338 seconds
[2025-12-10T12:24:52.499+0000] {processor.py:161} INFO - Started process (PID=401) to work on /opt/airflow/dags/etl_franquias.py
[2025-12-10T12:24:52.504+0000] {processor.py:830} INFO - Processing file /opt/airflow/dags/etl_franquias.py for tasks to queue
[2025-12-10T12:24:52.511+0000] {logging_mixin.py:188} INFO - [2025-12-10T12:24:52.510+0000] {dagbag.py:545} INFO - Filling up the DagBag from /opt/airflow/dags/etl_franquias.py
[2025-12-10T12:24:55.833+0000] {processor.py:840} INFO - DAG(s) 'boti_franquias_etl' retrieved from /opt/airflow/dags/etl_franquias.py
[2025-12-10T12:24:56.087+0000] {logging_mixin.py:188} INFO - [2025-12-10T12:24:56.078+0000] {dag.py:3096} INFO - Sync 1 DAGs
[2025-12-10T12:24:56.990+0000] {logging_mixin.py:188} INFO - [2025-12-10T12:24:56.989+0000] {dag.py:3954} INFO - Setting next_dagrun for boti_franquias_etl to None, run_after=None
[2025-12-10T12:24:57.186+0000] {processor.py:183} INFO - Processing /opt/airflow/dags/etl_franquias.py took 4.708 seconds
[2025-12-10T12:25:28.039+0000] {processor.py:161} INFO - Started process (PID=407) to work on /opt/airflow/dags/etl_franquias.py
[2025-12-10T12:25:28.046+0000] {processor.py:830} INFO - Processing file /opt/airflow/dags/etl_franquias.py for tasks to queue
[2025-12-10T12:25:28.061+0000] {logging_mixin.py:188} INFO - [2025-12-10T12:25:28.059+0000] {dagbag.py:545} INFO - Filling up the DagBag from /opt/airflow/dags/etl_franquias.py
[2025-12-10T12:25:32.100+0000] {processor.py:840} INFO - DAG(s) 'boti_franquias_etl' retrieved from /opt/airflow/dags/etl_franquias.py
[2025-12-10T12:25:32.372+0000] {logging_mixin.py:188} INFO - [2025-12-10T12:25:32.341+0000] {dag.py:3096} INFO - Sync 1 DAGs
[2025-12-10T12:25:32.545+0000] {logging_mixin.py:188} INFO - [2025-12-10T12:25:32.543+0000] {dag.py:3954} INFO - Setting next_dagrun for boti_franquias_etl to None, run_after=None
[2025-12-10T12:25:32.801+0000] {processor.py:183} INFO - Processing /opt/airflow/dags/etl_franquias.py took 4.797 seconds
[2025-12-10T12:26:03.801+0000] {processor.py:161} INFO - Started process (PID=413) to work on /opt/airflow/dags/etl_franquias.py
[2025-12-10T12:26:03.831+0000] {processor.py:830} INFO - Processing file /opt/airflow/dags/etl_franquias.py for tasks to queue
[2025-12-10T12:26:03.849+0000] {logging_mixin.py:188} INFO - [2025-12-10T12:26:03.847+0000] {dagbag.py:545} INFO - Filling up the DagBag from /opt/airflow/dags/etl_franquias.py
[2025-12-10T12:26:07.703+0000] {processor.py:840} INFO - DAG(s) 'boti_franquias_etl' retrieved from /opt/airflow/dags/etl_franquias.py
[2025-12-10T12:26:08.464+0000] {logging_mixin.py:188} INFO - [2025-12-10T12:26:08.448+0000] {dag.py:3096} INFO - Sync 1 DAGs
[2025-12-10T12:26:08.804+0000] {logging_mixin.py:188} INFO - [2025-12-10T12:26:08.803+0000] {dag.py:3954} INFO - Setting next_dagrun for boti_franquias_etl to None, run_after=None
[2025-12-10T12:26:09.251+0000] {processor.py:183} INFO - Processing /opt/airflow/dags/etl_franquias.py took 5.581 seconds
[2025-12-10T12:26:40.400+0000] {processor.py:161} INFO - Started process (PID=419) to work on /opt/airflow/dags/etl_franquias.py
[2025-12-10T12:26:40.403+0000] {processor.py:830} INFO - Processing file /opt/airflow/dags/etl_franquias.py for tasks to queue
[2025-12-10T12:26:40.409+0000] {logging_mixin.py:188} INFO - [2025-12-10T12:26:40.408+0000] {dagbag.py:545} INFO - Filling up the DagBag from /opt/airflow/dags/etl_franquias.py
[2025-12-10T12:26:45.767+0000] {processor.py:840} INFO - DAG(s) 'boti_franquias_etl' retrieved from /opt/airflow/dags/etl_franquias.py
[2025-12-10T12:26:46.326+0000] {logging_mixin.py:188} INFO - [2025-12-10T12:26:46.323+0000] {dag.py:3096} INFO - Sync 1 DAGs
[2025-12-10T12:26:46.649+0000] {logging_mixin.py:188} INFO - [2025-12-10T12:26:46.648+0000] {dag.py:3954} INFO - Setting next_dagrun for boti_franquias_etl to None, run_after=None
[2025-12-10T12:26:47.349+0000] {processor.py:183} INFO - Processing /opt/airflow/dags/etl_franquias.py took 6.968 seconds
[2025-12-10T12:27:18.095+0000] {processor.py:161} INFO - Started process (PID=425) to work on /opt/airflow/dags/etl_franquias.py
[2025-12-10T12:27:18.098+0000] {processor.py:830} INFO - Processing file /opt/airflow/dags/etl_franquias.py for tasks to queue
[2025-12-10T12:27:18.104+0000] {logging_mixin.py:188} INFO - [2025-12-10T12:27:18.103+0000] {dagbag.py:545} INFO - Filling up the DagBag from /opt/airflow/dags/etl_franquias.py
[2025-12-10T12:27:19.428+0000] {processor.py:840} INFO - DAG(s) 'boti_franquias_etl' retrieved from /opt/airflow/dags/etl_franquias.py
[2025-12-10T12:27:19.559+0000] {logging_mixin.py:188} INFO - [2025-12-10T12:27:19.556+0000] {dag.py:3096} INFO - Sync 1 DAGs
[2025-12-10T12:27:19.635+0000] {logging_mixin.py:188} INFO - [2025-12-10T12:27:19.635+0000] {dag.py:3954} INFO - Setting next_dagrun for boti_franquias_etl to None, run_after=None
[2025-12-10T12:27:20.279+0000] {processor.py:183} INFO - Processing /opt/airflow/dags/etl_franquias.py took 2.205 seconds
[2025-12-10T12:27:51.533+0000] {processor.py:161} INFO - Started process (PID=431) to work on /opt/airflow/dags/etl_franquias.py
[2025-12-10T12:27:51.548+0000] {processor.py:830} INFO - Processing file /opt/airflow/dags/etl_franquias.py for tasks to queue
[2025-12-10T12:27:51.581+0000] {logging_mixin.py:188} INFO - [2025-12-10T12:27:51.578+0000] {dagbag.py:545} INFO - Filling up the DagBag from /opt/airflow/dags/etl_franquias.py
[2025-12-10T12:27:53.278+0000] {processor.py:840} INFO - DAG(s) 'boti_franquias_etl' retrieved from /opt/airflow/dags/etl_franquias.py
[2025-12-10T12:27:53.369+0000] {logging_mixin.py:188} INFO - [2025-12-10T12:27:53.364+0000] {dag.py:3096} INFO - Sync 1 DAGs
[2025-12-10T12:27:53.761+0000] {logging_mixin.py:188} INFO - [2025-12-10T12:27:53.760+0000] {dag.py:3954} INFO - Setting next_dagrun for boti_franquias_etl to None, run_after=None
[2025-12-10T12:27:53.828+0000] {processor.py:183} INFO - Processing /opt/airflow/dags/etl_franquias.py took 2.374 seconds
[2025-12-10T12:28:24.783+0000] {processor.py:161} INFO - Started process (PID=437) to work on /opt/airflow/dags/etl_franquias.py
[2025-12-10T12:28:24.798+0000] {processor.py:830} INFO - Processing file /opt/airflow/dags/etl_franquias.py for tasks to queue
[2025-12-10T12:28:24.851+0000] {logging_mixin.py:188} INFO - [2025-12-10T12:28:24.836+0000] {dagbag.py:545} INFO - Filling up the DagBag from /opt/airflow/dags/etl_franquias.py
[2025-12-10T12:28:28.475+0000] {processor.py:840} INFO - DAG(s) 'boti_franquias_etl' retrieved from /opt/airflow/dags/etl_franquias.py
[2025-12-10T12:28:28.721+0000] {logging_mixin.py:188} INFO - [2025-12-10T12:28:28.719+0000] {dag.py:3096} INFO - Sync 1 DAGs
[2025-12-10T12:28:28.845+0000] {logging_mixin.py:188} INFO - [2025-12-10T12:28:28.844+0000] {dag.py:3954} INFO - Setting next_dagrun for boti_franquias_etl to None, run_after=None
[2025-12-10T12:28:28.938+0000] {processor.py:183} INFO - Processing /opt/airflow/dags/etl_franquias.py took 4.284 seconds
[2025-12-10T12:28:59.620+0000] {processor.py:161} INFO - Started process (PID=443) to work on /opt/airflow/dags/etl_franquias.py
[2025-12-10T12:28:59.626+0000] {processor.py:830} INFO - Processing file /opt/airflow/dags/etl_franquias.py for tasks to queue
[2025-12-10T12:28:59.638+0000] {logging_mixin.py:188} INFO - [2025-12-10T12:28:59.637+0000] {dagbag.py:545} INFO - Filling up the DagBag from /opt/airflow/dags/etl_franquias.py
[2025-12-10T12:29:02.198+0000] {processor.py:840} INFO - DAG(s) 'boti_franquias_etl' retrieved from /opt/airflow/dags/etl_franquias.py
[2025-12-10T12:29:02.299+0000] {logging_mixin.py:188} INFO - [2025-12-10T12:29:02.297+0000] {dag.py:3096} INFO - Sync 1 DAGs
[2025-12-10T12:29:02.345+0000] {logging_mixin.py:188} INFO - [2025-12-10T12:29:02.344+0000] {dag.py:3954} INFO - Setting next_dagrun for boti_franquias_etl to None, run_after=None
[2025-12-10T12:29:02.449+0000] {processor.py:183} INFO - Processing /opt/airflow/dags/etl_franquias.py took 2.878 seconds
[2025-12-10T12:29:32.868+0000] {processor.py:161} INFO - Started process (PID=449) to work on /opt/airflow/dags/etl_franquias.py
[2025-12-10T12:29:32.871+0000] {processor.py:830} INFO - Processing file /opt/airflow/dags/etl_franquias.py for tasks to queue
[2025-12-10T12:29:32.879+0000] {logging_mixin.py:188} INFO - [2025-12-10T12:29:32.878+0000] {dagbag.py:545} INFO - Filling up the DagBag from /opt/airflow/dags/etl_franquias.py
[2025-12-10T12:29:35.576+0000] {processor.py:840} INFO - DAG(s) 'boti_franquias_etl' retrieved from /opt/airflow/dags/etl_franquias.py
[2025-12-10T12:29:36.021+0000] {logging_mixin.py:188} INFO - [2025-12-10T12:29:36.019+0000] {dag.py:3096} INFO - Sync 1 DAGs
[2025-12-10T12:29:36.167+0000] {logging_mixin.py:188} INFO - [2025-12-10T12:29:36.166+0000] {dag.py:3954} INFO - Setting next_dagrun for boti_franquias_etl to None, run_after=None
[2025-12-10T12:29:36.404+0000] {processor.py:183} INFO - Processing /opt/airflow/dags/etl_franquias.py took 3.607 seconds
[2025-12-10T12:30:07.456+0000] {processor.py:161} INFO - Started process (PID=455) to work on /opt/airflow/dags/etl_franquias.py
[2025-12-10T12:30:07.489+0000] {processor.py:830} INFO - Processing file /opt/airflow/dags/etl_franquias.py for tasks to queue
[2025-12-10T12:30:07.515+0000] {logging_mixin.py:188} INFO - [2025-12-10T12:30:07.512+0000] {dagbag.py:545} INFO - Filling up the DagBag from /opt/airflow/dags/etl_franquias.py
[2025-12-10T12:30:11.754+0000] {processor.py:840} INFO - DAG(s) 'boti_franquias_etl' retrieved from /opt/airflow/dags/etl_franquias.py
[2025-12-10T12:30:12.113+0000] {logging_mixin.py:188} INFO - [2025-12-10T12:30:12.107+0000] {dag.py:3096} INFO - Sync 1 DAGs
[2025-12-10T12:30:12.261+0000] {logging_mixin.py:188} INFO - [2025-12-10T12:30:12.260+0000] {dag.py:3954} INFO - Setting next_dagrun for boti_franquias_etl to None, run_after=None
[2025-12-10T12:30:12.724+0000] {processor.py:183} INFO - Processing /opt/airflow/dags/etl_franquias.py took 5.347 seconds
[2025-12-10T12:30:43.414+0000] {processor.py:161} INFO - Started process (PID=461) to work on /opt/airflow/dags/etl_franquias.py
[2025-12-10T12:30:43.428+0000] {processor.py:830} INFO - Processing file /opt/airflow/dags/etl_franquias.py for tasks to queue
[2025-12-10T12:30:43.445+0000] {logging_mixin.py:188} INFO - [2025-12-10T12:30:43.442+0000] {dagbag.py:545} INFO - Filling up the DagBag from /opt/airflow/dags/etl_franquias.py
[2025-12-10T12:30:47.053+0000] {processor.py:840} INFO - DAG(s) 'boti_franquias_etl' retrieved from /opt/airflow/dags/etl_franquias.py
[2025-12-10T12:30:47.646+0000] {logging_mixin.py:188} INFO - [2025-12-10T12:30:47.642+0000] {dag.py:3096} INFO - Sync 1 DAGs
[2025-12-10T12:30:47.816+0000] {logging_mixin.py:188} INFO - [2025-12-10T12:30:47.815+0000] {dag.py:3954} INFO - Setting next_dagrun for boti_franquias_etl to None, run_after=None
[2025-12-10T12:30:50.284+0000] {processor.py:183} INFO - Processing /opt/airflow/dags/etl_franquias.py took 6.932 seconds
