[2025-12-10T11:39:57.821+0000] {manager.py:470} INFO - Processing files using up to 2 processes at a time 
[2025-12-10T11:39:57.825+0000] {manager.py:471} INFO - Process each file at most once every 30 seconds
[2025-12-10T11:39:57.832+0000] {manager.py:472} INFO - Checking for new files in /opt/airflow/dags every 300 seconds
[2025-12-10T11:39:57.846+0000] {manager.py:737} INFO - Searching for files in /opt/airflow/dags
[2025-12-10T11:39:57.926+0000] {manager.py:740} INFO - There are 1 files in /opt/airflow/dags
[2025-12-10T11:39:58.581+0000] {manager.py:878} INFO - 
================================================================================
DAG File Processing Stats

File Path                             PID  Runtime      # DAGs    # Errors  Last Runtime    Last Run
----------------------------------  -----  ---------  --------  ----------  --------------  ----------
/opt/airflow/dags/etl_franquias.py    160  0.17s             0           0
================================================================================
[2025-12-10T11:40:28.783+0000] {manager.py:878} INFO - 
================================================================================
DAG File Processing Stats

File Path                           PID    Runtime      # DAGs    # Errors  Last Runtime    Last Run
----------------------------------  -----  ---------  --------  ----------  --------------  -------------------
/opt/airflow/dags/etl_franquias.py                           1           0  14.49s          2025-12-10T11:40:12
================================================================================
[2025-12-10T11:40:58.769+0000] {manager.py:878} INFO - 
================================================================================
DAG File Processing Stats

File Path                           PID    Runtime      # DAGs    # Errors  Last Runtime    Last Run
----------------------------------  -----  ---------  --------  ----------  --------------  -------------------
/opt/airflow/dags/etl_franquias.py                           1           0  5.36s           2025-12-10T11:40:48
================================================================================
[2025-12-10T11:41:29.175+0000] {manager.py:878} INFO - 
================================================================================
DAG File Processing Stats

File Path                           PID    Runtime      # DAGs    # Errors  Last Runtime    Last Run
----------------------------------  -----  ---------  --------  ----------  --------------  -------------------
/opt/airflow/dags/etl_franquias.py                           1           0  1.60s           2025-12-10T11:41:20
================================================================================
[2025-12-10T11:44:57.498+0000] {manager.py:470} INFO - Processing files using up to 2 processes at a time 
[2025-12-10T11:44:57.518+0000] {manager.py:471} INFO - Process each file at most once every 30 seconds
[2025-12-10T11:44:57.603+0000] {manager.py:472} INFO - Checking for new files in /opt/airflow/dags every 300 seconds
[2025-12-10T11:44:57.752+0000] {manager.py:737} INFO - Searching for files in /opt/airflow/dags
[2025-12-10T11:44:59.642+0000] {manager.py:740} INFO - There are 1 files in /opt/airflow/dags
[2025-12-10T11:45:10.109+0000] {manager.py:878} INFO - 
================================================================================
DAG File Processing Stats

File Path                             PID  Runtime      # DAGs    # Errors  Last Runtime    Last Run
----------------------------------  -----  ---------  --------  ----------  --------------  ----------
/opt/airflow/dags/etl_franquias.py    160  4.15s             0           0
================================================================================
[2025-12-10T11:45:40.322+0000] {manager.py:878} INFO - 
================================================================================
DAG File Processing Stats

File Path                           PID    Runtime      # DAGs    # Errors  Last Runtime    Last Run
----------------------------------  -----  ---------  --------  ----------  --------------  -------------------
/opt/airflow/dags/etl_franquias.py                           1           0  20.08s          2025-12-10T11:45:25
================================================================================
[2025-12-10T11:46:10.629+0000] {manager.py:878} INFO - 
================================================================================
DAG File Processing Stats

File Path                           PID    Runtime      # DAGs    # Errors  Last Runtime    Last Run
----------------------------------  -----  ---------  --------  ----------  --------------  -------------------
/opt/airflow/dags/etl_franquias.py                           1           0  1.49s           2025-12-10T11:45:57
================================================================================
[2025-12-10T11:46:41.502+0000] {manager.py:878} INFO - 
================================================================================
DAG File Processing Stats

File Path                           PID    Runtime      # DAGs    # Errors  Last Runtime    Last Run
----------------------------------  -----  ---------  --------  ----------  --------------  -------------------
/opt/airflow/dags/etl_franquias.py                           1           0  4.73s           2025-12-10T11:46:32
================================================================================
[2025-12-10T11:47:11.864+0000] {manager.py:878} INFO - 
================================================================================
DAG File Processing Stats

File Path                           PID    Runtime      # DAGs    # Errors  Last Runtime    Last Run
----------------------------------  -----  ---------  --------  ----------  --------------  -------------------
/opt/airflow/dags/etl_franquias.py                           1           0  4.03s           2025-12-10T11:47:06
================================================================================
[2025-12-10T11:47:42.143+0000] {manager.py:878} INFO - 
================================================================================
DAG File Processing Stats

File Path                           PID    Runtime      # DAGs    # Errors  Last Runtime    Last Run
----------------------------------  -----  ---------  --------  ----------  --------------  -------------------
/opt/airflow/dags/etl_franquias.py                           1           0  2.51s           2025-12-10T11:47:39
================================================================================
[2025-12-10T11:48:12.191+0000] {manager.py:878} INFO - 
================================================================================
DAG File Processing Stats

File Path                           PID    Runtime      # DAGs    # Errors  Last Runtime    Last Run
----------------------------------  -----  ---------  --------  ----------  --------------  -------------------
/opt/airflow/dags/etl_franquias.py                           1           0  1.85s           2025-12-10T11:48:11
================================================================================
[2025-12-10T11:48:42.517+0000] {manager.py:878} INFO - 
================================================================================
DAG File Processing Stats

File Path                             PID  Runtime      # DAGs    # Errors  Last Runtime    Last Run
----------------------------------  -----  ---------  --------  ----------  --------------  -------------------
/opt/airflow/dags/etl_franquias.py    196  0.01s             1           0  1.85s           2025-12-10T11:48:11
================================================================================
[2025-12-10T11:49:13.086+0000] {manager.py:878} INFO - 
================================================================================
DAG File Processing Stats

File Path                           PID    Runtime      # DAGs    # Errors  Last Runtime    Last Run
----------------------------------  -----  ---------  --------  ----------  --------------  -------------------
/opt/airflow/dags/etl_franquias.py                           1           0  3.38s           2025-12-10T11:48:45
================================================================================
[2025-12-10T11:49:43.433+0000] {manager.py:878} INFO - 
================================================================================
DAG File Processing Stats

File Path                           PID    Runtime      # DAGs    # Errors  Last Runtime    Last Run
----------------------------------  -----  ---------  --------  ----------  --------------  -------------------
/opt/airflow/dags/etl_franquias.py                           1           0  5.32s           2025-12-10T11:49:21
================================================================================
[2025-12-10T11:49:57.985+0000] {manager.py:737} INFO - Searching for files in /opt/airflow/dags
[2025-12-10T11:49:58.917+0000] {manager.py:740} INFO - There are 1 files in /opt/airflow/dags
[2025-12-10T11:52:07.691+0000] {manager.py:470} INFO - Processing files using up to 2 processes at a time 
[2025-12-10T11:52:07.697+0000] {manager.py:471} INFO - Process each file at most once every 30 seconds
[2025-12-10T11:52:07.703+0000] {manager.py:472} INFO - Checking for new files in /opt/airflow/dags every 300 seconds
[2025-12-10T11:52:07.709+0000] {manager.py:737} INFO - Searching for files in /opt/airflow/dags
[2025-12-10T11:52:07.843+0000] {manager.py:740} INFO - There are 1 files in /opt/airflow/dags
[2025-12-10T11:52:11.133+0000] {manager.py:878} INFO - 
================================================================================
DAG File Processing Stats

File Path                             PID  Runtime      # DAGs    # Errors  Last Runtime    Last Run
----------------------------------  -----  ---------  --------  ----------  --------------  ----------
/opt/airflow/dags/etl_franquias.py    160  0.99s             0           0
================================================================================
[2025-12-10T11:52:41.298+0000] {manager.py:878} INFO - 
================================================================================
DAG File Processing Stats

File Path                           PID    Runtime      # DAGs    # Errors  Last Runtime    Last Run
----------------------------------  -----  ---------  --------  ----------  --------------  -------------------
/opt/airflow/dags/etl_franquias.py                           1           0  9.57s           2025-12-10T11:52:19
================================================================================
[2025-12-10T11:53:11.512+0000] {manager.py:878} INFO - 
================================================================================
DAG File Processing Stats

File Path                           PID    Runtime      # DAGs    # Errors  Last Runtime    Last Run
----------------------------------  -----  ---------  --------  ----------  --------------  -------------------
/opt/airflow/dags/etl_franquias.py                           1           0  1.83s           2025-12-10T11:52:52
================================================================================
[2025-12-10T11:53:42.374+0000] {manager.py:878} INFO - 
================================================================================
DAG File Processing Stats

File Path                           PID    Runtime      # DAGs    # Errors  Last Runtime    Last Run
----------------------------------  -----  ---------  --------  ----------  --------------  -------------------
/opt/airflow/dags/etl_franquias.py                           1           0  9.81s           2025-12-10T11:53:32
================================================================================
[2025-12-10T11:54:13.142+0000] {manager.py:878} INFO - 
================================================================================
DAG File Processing Stats

File Path                           PID    Runtime      # DAGs    # Errors  Last Runtime    Last Run
----------------------------------  -----  ---------  --------  ----------  --------------  -------------------
/opt/airflow/dags/etl_franquias.py                           1           0  7.42s           2025-12-10T11:54:10
================================================================================
[2025-12-10T11:54:43.882+0000] {manager.py:878} INFO - 
================================================================================
DAG File Processing Stats

File Path                             PID  Runtime      # DAGs    # Errors  Last Runtime    Last Run
----------------------------------  -----  ---------  --------  ----------  --------------  -------------------
/opt/airflow/dags/etl_franquias.py    184  2.28s             1           0  7.42s           2025-12-10T11:54:10
================================================================================
[2025-12-10T11:55:14.444+0000] {manager.py:878} INFO - 
================================================================================
DAG File Processing Stats

File Path                           PID    Runtime      # DAGs    # Errors  Last Runtime    Last Run
----------------------------------  -----  ---------  --------  ----------  --------------  -------------------
/opt/airflow/dags/etl_franquias.py                           1           0  5.53s           2025-12-10T11:54:47
================================================================================
[2025-12-10T11:55:44.677+0000] {manager.py:878} INFO - 
================================================================================
DAG File Processing Stats

File Path                           PID    Runtime      # DAGs    # Errors  Last Runtime    Last Run
----------------------------------  -----  ---------  --------  ----------  --------------  -------------------
/opt/airflow/dags/etl_franquias.py                           1           0  3.86s           2025-12-10T11:55:21
================================================================================
[2025-12-10T11:56:16.094+0000] {manager.py:878} INFO - 
================================================================================
DAG File Processing Stats

File Path                           PID    Runtime      # DAGs    # Errors  Last Runtime    Last Run
----------------------------------  -----  ---------  --------  ----------  --------------  -------------------
/opt/airflow/dags/etl_franquias.py                           1           0  2.02s           2025-12-10T11:55:54
================================================================================
[2025-12-10T11:56:46.630+0000] {manager.py:878} INFO - 
================================================================================
DAG File Processing Stats

File Path                           PID    Runtime      # DAGs    # Errors  Last Runtime    Last Run
----------------------------------  -----  ---------  --------  ----------  --------------  -------------------
/opt/airflow/dags/etl_franquias.py                           1           0  3.69s           2025-12-10T11:56:29
================================================================================
[2025-12-10T11:57:08.366+0000] {manager.py:737} INFO - Searching for files in /opt/airflow/dags
[2025-12-10T11:57:08.520+0000] {manager.py:740} INFO - There are 1 files in /opt/airflow/dags
[2025-12-10T11:57:16.962+0000] {manager.py:878} INFO - 
================================================================================
DAG File Processing Stats

File Path                           PID    Runtime      # DAGs    # Errors  Last Runtime    Last Run
----------------------------------  -----  ---------  --------  ----------  --------------  -------------------
/opt/airflow/dags/etl_franquias.py                           1           0  4.50s           2025-12-10T11:57:04
================================================================================
[2025-12-10T11:57:47.045+0000] {manager.py:878} INFO - 
================================================================================
DAG File Processing Stats

File Path                           PID    Runtime      # DAGs    # Errors  Last Runtime    Last Run
----------------------------------  -----  ---------  --------  ----------  --------------  -------------------
/opt/airflow/dags/etl_franquias.py                           1           0  4.94s           2025-12-10T11:57:39
================================================================================
[2025-12-10T11:58:17.533+0000] {manager.py:878} INFO - 
================================================================================
DAG File Processing Stats

File Path                           PID    Runtime      # DAGs    # Errors  Last Runtime    Last Run
----------------------------------  -----  ---------  --------  ----------  --------------  -------------------
/opt/airflow/dags/etl_franquias.py                           1           0  4.10s           2025-12-10T11:58:14
================================================================================
[2025-12-10T11:58:47.481+0000] {manager.py:878} INFO - 
================================================================================
DAG File Processing Stats

File Path                             PID  Runtime      # DAGs    # Errors  Last Runtime    Last Run
----------------------------------  -----  ---------  --------  ----------  --------------  -------------------
/opt/airflow/dags/etl_franquias.py    226  2.05s             1           0  4.10s           2025-12-10T11:58:14
================================================================================
[2025-12-10T11:59:17.442+0000] {manager.py:878} INFO - 
================================================================================
DAG File Processing Stats

File Path                           PID    Runtime      # DAGs    # Errors  Last Runtime    Last Run
----------------------------------  -----  ---------  --------  ----------  --------------  -------------------
/opt/airflow/dags/etl_franquias.py                           1           0  3.18s           2025-12-10T11:58:48
================================================================================
[2025-12-10T11:59:47.185+0000] {manager.py:452} INFO - Exiting gracefully upon receiving signal 15
[2025-12-10T12:01:59.362+0000] {manager.py:470} INFO - Processing files using up to 2 processes at a time 
[2025-12-10T12:01:59.368+0000] {manager.py:471} INFO - Process each file at most once every 30 seconds
[2025-12-10T12:01:59.374+0000] {manager.py:472} INFO - Checking for new files in /opt/airflow/dags every 300 seconds
[2025-12-10T12:01:59.381+0000] {manager.py:737} INFO - Searching for files in /opt/airflow/dags
[2025-12-10T12:01:59.589+0000] {manager.py:740} INFO - There are 1 files in /opt/airflow/dags
[2025-12-10T12:02:01.324+0000] {manager.py:878} INFO - 
================================================================================
DAG File Processing Stats

File Path                             PID  Runtime      # DAGs    # Errors  Last Runtime    Last Run
----------------------------------  -----  ---------  --------  ----------  --------------  ----------
/opt/airflow/dags/etl_franquias.py    161  0.39s             0           0
================================================================================
[2025-12-10T12:02:31.551+0000] {manager.py:878} INFO - 
================================================================================
DAG File Processing Stats

File Path                           PID    Runtime      # DAGs    # Errors  Last Runtime    Last Run
----------------------------------  -----  ---------  --------  ----------  --------------  -------------------
/opt/airflow/dags/etl_franquias.py                           1           0  13.45s          2025-12-10T12:02:14
================================================================================
[2025-12-10T12:03:01.860+0000] {manager.py:878} INFO - 
================================================================================
DAG File Processing Stats

File Path                           PID    Runtime      # DAGs    # Errors  Last Runtime    Last Run
----------------------------------  -----  ---------  --------  ----------  --------------  -------------------
/opt/airflow/dags/etl_franquias.py                           1           0  4.71s           2025-12-10T12:02:49
================================================================================
[2025-12-10T12:03:32.286+0000] {manager.py:878} INFO - 
================================================================================
DAG File Processing Stats

File Path                           PID    Runtime      # DAGs    # Errors  Last Runtime    Last Run
----------------------------------  -----  ---------  --------  ----------  --------------  -------------------
/opt/airflow/dags/etl_franquias.py                           1           0  2.02s           2025-12-10T12:03:22
================================================================================
[2025-12-10T12:04:02.742+0000] {manager.py:878} INFO - 
================================================================================
DAG File Processing Stats

File Path                           PID    Runtime      # DAGs    # Errors  Last Runtime    Last Run
----------------------------------  -----  ---------  --------  ----------  --------------  -------------------
/opt/airflow/dags/etl_franquias.py                           1           0  2.07s           2025-12-10T12:03:54
================================================================================
[2025-12-10T12:04:32.758+0000] {manager.py:878} INFO - 
================================================================================
DAG File Processing Stats

File Path                           PID    Runtime      # DAGs    # Errors  Last Runtime    Last Run
----------------------------------  -----  ---------  --------  ----------  --------------  -------------------
/opt/airflow/dags/etl_franquias.py                           1           0  2.95s           2025-12-10T12:04:27
================================================================================
[2025-12-10T12:05:02.745+0000] {manager.py:878} INFO - 
================================================================================
DAG File Processing Stats

File Path                           PID    Runtime      # DAGs    # Errors  Last Runtime    Last Run
----------------------------------  -----  ---------  --------  ----------  --------------  -------------------
/opt/airflow/dags/etl_franquias.py                           1           0  2.87s           2025-12-10T12:05:00
================================================================================
[2025-12-10T12:05:32.902+0000] {manager.py:878} INFO - 
================================================================================
DAG File Processing Stats

File Path                             PID  Runtime      # DAGs    # Errors  Last Runtime    Last Run
----------------------------------  -----  ---------  --------  ----------  --------------  -------------------
/opt/airflow/dags/etl_franquias.py    197  2.20s             1           0  2.87s           2025-12-10T12:05:00
================================================================================
[2025-12-10T12:06:02.976+0000] {manager.py:878} INFO - 
================================================================================
DAG File Processing Stats

File Path                           PID    Runtime      # DAGs    # Errors  Last Runtime    Last Run
----------------------------------  -----  ---------  --------  ----------  --------------  -------------------
/opt/airflow/dags/etl_franquias.py                           1           0  8.44s           2025-12-10T12:05:39
================================================================================
[2025-12-10T12:06:33.068+0000] {manager.py:878} INFO - 
================================================================================
DAG File Processing Stats

File Path                           PID    Runtime      # DAGs    # Errors  Last Runtime    Last Run
----------------------------------  -----  ---------  --------  ----------  --------------  -------------------
/opt/airflow/dags/etl_franquias.py                           1           0  4.07s           2025-12-10T12:06:13
================================================================================
[2025-12-10T12:06:59.565+0000] {manager.py:737} INFO - Searching for files in /opt/airflow/dags
[2025-12-10T12:07:00.040+0000] {manager.py:740} INFO - There are 1 files in /opt/airflow/dags
[2025-12-10T12:07:03.697+0000] {manager.py:878} INFO - 
================================================================================
DAG File Processing Stats

File Path                           PID    Runtime      # DAGs    # Errors  Last Runtime    Last Run
----------------------------------  -----  ---------  --------  ----------  --------------  -------------------
/opt/airflow/dags/etl_franquias.py                           1           0  4.53s           2025-12-10T12:06:48
================================================================================
[2025-12-10T12:07:33.797+0000] {manager.py:878} INFO - 
================================================================================
DAG File Processing Stats

File Path                           PID    Runtime      # DAGs    # Errors  Last Runtime    Last Run
----------------------------------  -----  ---------  --------  ----------  --------------  -------------------
/opt/airflow/dags/etl_franquias.py                           1           0  1.72s           2025-12-10T12:07:20
================================================================================
[2025-12-10T12:08:03.838+0000] {manager.py:878} INFO - 
================================================================================
DAG File Processing Stats

File Path                           PID    Runtime      # DAGs    # Errors  Last Runtime    Last Run
----------------------------------  -----  ---------  --------  ----------  --------------  -------------------
/opt/airflow/dags/etl_franquias.py                           1           0  1.43s           2025-12-10T12:07:52
================================================================================
[2025-12-10T12:08:34.105+0000] {manager.py:878} INFO - 
================================================================================
DAG File Processing Stats

File Path                           PID    Runtime      # DAGs    # Errors  Last Runtime    Last Run
----------------------------------  -----  ---------  --------  ----------  --------------  -------------------
/opt/airflow/dags/etl_franquias.py                           1           0  2.90s           2025-12-10T12:08:26
================================================================================
[2025-12-10T12:09:05.203+0000] {manager.py:878} INFO - 
================================================================================
DAG File Processing Stats

File Path                             PID  Runtime      # DAGs    # Errors  Last Runtime    Last Run
----------------------------------  -----  ---------  --------  ----------  --------------  -------------------
/opt/airflow/dags/etl_franquias.py    233  8.46s             1           0  2.90s           2025-12-10T12:08:26
================================================================================
[2025-12-10T12:09:35.921+0000] {manager.py:878} INFO - 
================================================================================
DAG File Processing Stats

File Path                           PID    Runtime      # DAGs    # Errors  Last Runtime    Last Run
----------------------------------  -----  ---------  --------  ----------  --------------  -------------------
/opt/airflow/dags/etl_franquias.py                           1           0  18.89s          2025-12-10T12:09:15
================================================================================
[2025-12-10T12:10:06.223+0000] {manager.py:878} INFO - 
================================================================================
DAG File Processing Stats

File Path                           PID    Runtime      # DAGs    # Errors  Last Runtime    Last Run
----------------------------------  -----  ---------  --------  ----------  --------------  -------------------
/opt/airflow/dags/etl_franquias.py                           1           0  7.41s           2025-12-10T12:09:53
================================================================================
[2025-12-10T12:10:36.428+0000] {manager.py:878} INFO - 
================================================================================
DAG File Processing Stats

File Path                           PID    Runtime      # DAGs    # Errors  Last Runtime    Last Run
----------------------------------  -----  ---------  --------  ----------  --------------  -------------------
/opt/airflow/dags/etl_franquias.py                           1           0  5.99s           2025-12-10T12:10:30
================================================================================
[2025-12-10T12:11:06.631+0000] {manager.py:878} INFO - 
================================================================================
DAG File Processing Stats

File Path                           PID    Runtime      # DAGs    # Errors  Last Runtime    Last Run
----------------------------------  -----  ---------  --------  ----------  --------------  -------------------
/opt/airflow/dags/etl_franquias.py                           1           0  2.87s           2025-12-10T12:11:04
================================================================================
[2025-12-10T12:11:36.710+0000] {manager.py:878} INFO - 
================================================================================
DAG File Processing Stats

File Path                           PID    Runtime      # DAGs    # Errors  Last Runtime    Last Run
----------------------------------  -----  ---------  --------  ----------  --------------  -------------------
/opt/airflow/dags/etl_franquias.py                           1           0  2.26s           2025-12-10T12:11:36
================================================================================
[2025-12-10T12:12:00.222+0000] {manager.py:737} INFO - Searching for files in /opt/airflow/dags
[2025-12-10T12:12:00.350+0000] {manager.py:740} INFO - There are 1 files in /opt/airflow/dags
[2025-12-10T12:12:07.558+0000] {manager.py:878} INFO - 
================================================================================
DAG File Processing Stats

File Path                             PID  Runtime      # DAGs    # Errors  Last Runtime    Last Run
----------------------------------  -----  ---------  --------  ----------  --------------  -------------------
/opt/airflow/dags/etl_franquias.py    263  0.02s             1           0  2.26s           2025-12-10T12:11:36
================================================================================
[2025-12-10T12:12:38.253+0000] {manager.py:878} INFO - 
================================================================================
DAG File Processing Stats

File Path                           PID    Runtime      # DAGs    # Errors  Last Runtime    Last Run
----------------------------------  -----  ---------  --------  ----------  --------------  -------------------
/opt/airflow/dags/etl_franquias.py                           1           0  4.29s           2025-12-10T12:12:11
================================================================================
[2025-12-10T12:13:08.435+0000] {manager.py:878} INFO - 
================================================================================
DAG File Processing Stats

File Path                           PID    Runtime      # DAGs    # Errors  Last Runtime    Last Run
----------------------------------  -----  ---------  --------  ----------  --------------  -------------------
/opt/airflow/dags/etl_franquias.py                           1           0  2.43s           2025-12-10T12:12:44
================================================================================
[2025-12-10T12:13:38.429+0000] {manager.py:878} INFO - 
================================================================================
DAG File Processing Stats

File Path                           PID    Runtime      # DAGs    # Errors  Last Runtime    Last Run
----------------------------------  -----  ---------  --------  ----------  --------------  -------------------
/opt/airflow/dags/etl_franquias.py                           1           0  1.70s           2025-12-10T12:13:17
================================================================================
[2025-12-10T12:14:09.303+0000] {manager.py:878} INFO - 
================================================================================
DAG File Processing Stats

File Path                           PID    Runtime      # DAGs    # Errors  Last Runtime    Last Run
----------------------------------  -----  ---------  --------  ----------  --------------  -------------------
/opt/airflow/dags/etl_franquias.py                           1           0  2.48s           2025-12-10T12:13:49
================================================================================
[2025-12-10T12:14:40.104+0000] {manager.py:878} INFO - 
================================================================================
DAG File Processing Stats

File Path                           PID    Runtime      # DAGs    # Errors  Last Runtime    Last Run
----------------------------------  -----  ---------  --------  ----------  --------------  -------------------
/opt/airflow/dags/etl_franquias.py                           1           0  2.31s           2025-12-10T12:14:22
================================================================================
[2025-12-10T12:15:10.483+0000] {manager.py:878} INFO - 
================================================================================
DAG File Processing Stats

File Path                           PID    Runtime      # DAGs    # Errors  Last Runtime    Last Run
----------------------------------  -----  ---------  --------  ----------  --------------  -------------------
/opt/airflow/dags/etl_franquias.py                           1           0  3.62s           2025-12-10T12:14:57
================================================================================
[2025-12-10T12:15:40.429+0000] {manager.py:878} INFO - 
================================================================================
DAG File Processing Stats

File Path                           PID    Runtime      # DAGs    # Errors  Last Runtime    Last Run
----------------------------------  -----  ---------  --------  ----------  --------------  -------------------
/opt/airflow/dags/etl_franquias.py                           1           0  3.97s           2025-12-10T12:15:31
================================================================================
[2025-12-10T12:16:10.435+0000] {manager.py:878} INFO - 
================================================================================
DAG File Processing Stats

File Path                           PID    Runtime      # DAGs    # Errors  Last Runtime    Last Run
----------------------------------  -----  ---------  --------  ----------  --------------  -------------------
/opt/airflow/dags/etl_franquias.py                           1           0  7.58s           2025-12-10T12:16:10
================================================================================
[2025-12-10T12:16:40.959+0000] {manager.py:878} INFO - 
================================================================================
DAG File Processing Stats

File Path                             PID  Runtime      # DAGs    # Errors  Last Runtime    Last Run
----------------------------------  -----  ---------  --------  ----------  --------------  -------------------
/opt/airflow/dags/etl_franquias.py    313  0.05s             1           0  7.58s           2025-12-10T12:16:10
================================================================================
[2025-12-10T12:17:00.231+0000] {manager.py:737} INFO - Searching for files in /opt/airflow/dags
[2025-12-10T12:17:01.804+0000] {manager.py:740} INFO - There are 1 files in /opt/airflow/dags
[2025-12-10T12:17:11.456+0000] {manager.py:878} INFO - 
================================================================================
DAG File Processing Stats

File Path                           PID    Runtime      # DAGs    # Errors  Last Runtime    Last Run
----------------------------------  -----  ---------  --------  ----------  --------------  -------------------
/opt/airflow/dags/etl_franquias.py                           1           0  6.58s           2025-12-10T12:16:47
================================================================================
[2025-12-10T12:17:41.438+0000] {manager.py:878} INFO - 
================================================================================
DAG File Processing Stats

File Path                           PID    Runtime      # DAGs    # Errors  Last Runtime    Last Run
----------------------------------  -----  ---------  --------  ----------  --------------  -------------------
/opt/airflow/dags/etl_franquias.py                           1           0  9.53s           2025-12-10T12:17:28
================================================================================
[2025-12-10T12:18:11.501+0000] {manager.py:878} INFO - 
================================================================================
DAG File Processing Stats

File Path                           PID    Runtime      # DAGs    # Errors  Last Runtime    Last Run
----------------------------------  -----  ---------  --------  ----------  --------------  -------------------
/opt/airflow/dags/etl_franquias.py                           1           0  2.45s           2025-12-10T12:18:00
================================================================================
[2025-12-10T12:18:41.508+0000] {manager.py:878} INFO - 
================================================================================
DAG File Processing Stats

File Path                           PID    Runtime      # DAGs    # Errors  Last Runtime    Last Run
----------------------------------  -----  ---------  --------  ----------  --------------  -------------------
/opt/airflow/dags/etl_franquias.py                           1           0  1.50s           2025-12-10T12:18:32
================================================================================
[2025-12-10T12:19:11.478+0000] {manager.py:878} INFO - 
================================================================================
DAG File Processing Stats

File Path                           PID    Runtime      # DAGs    # Errors  Last Runtime    Last Run
----------------------------------  -----  ---------  --------  ----------  --------------  -------------------
/opt/airflow/dags/etl_franquias.py                           1           0  3.86s           2025-12-10T12:19:06
================================================================================
[2025-12-10T12:19:41.521+0000] {manager.py:878} INFO - 
================================================================================
DAG File Processing Stats

File Path                           PID    Runtime      # DAGs    # Errors  Last Runtime    Last Run
----------------------------------  -----  ---------  --------  ----------  --------------  -------------------
/opt/airflow/dags/etl_franquias.py                           1           0  1.51s           2025-12-10T12:19:38
================================================================================
[2025-12-10T12:20:11.697+0000] {manager.py:878} INFO - 
================================================================================
DAG File Processing Stats

File Path                             PID  Runtime      # DAGs    # Errors  Last Runtime    Last Run
----------------------------------  -----  ---------  --------  ----------  --------------  -------------------
/opt/airflow/dags/etl_franquias.py    353  1.68s             1           0  1.51s           2025-12-10T12:19:38
================================================================================
[2025-12-10T12:20:42.230+0000] {manager.py:878} INFO - 
================================================================================
DAG File Processing Stats

File Path                           PID    Runtime      # DAGs    # Errors  Last Runtime    Last Run
----------------------------------  -----  ---------  --------  ----------  --------------  -------------------
/opt/airflow/dags/etl_franquias.py                           1           0  13.99s          2025-12-10T12:20:23
================================================================================
[2025-12-10T12:21:12.809+0000] {manager.py:878} INFO - 
================================================================================
DAG File Processing Stats

File Path                           PID    Runtime      # DAGs    # Errors  Last Runtime    Last Run
----------------------------------  -----  ---------  --------  ----------  --------------  -------------------
/opt/airflow/dags/etl_franquias.py                           1           0  14.17s          2025-12-10T12:21:08
================================================================================
[2025-12-10T12:21:43.021+0000] {manager.py:878} INFO - 
================================================================================
DAG File Processing Stats

File Path                           PID    Runtime      # DAGs    # Errors  Last Runtime    Last Run
----------------------------------  -----  ---------  --------  ----------  --------------  -------------------
/opt/airflow/dags/etl_franquias.py                           1           0  1.83s           2025-12-10T12:21:40
================================================================================
[2025-12-10T12:22:00.332+0000] {manager.py:737} INFO - Searching for files in /opt/airflow/dags
[2025-12-10T12:22:00.435+0000] {manager.py:740} INFO - There are 1 files in /opt/airflow/dags
[2025-12-10T12:22:13.083+0000] {manager.py:878} INFO - 
================================================================================
DAG File Processing Stats

File Path                             PID  Runtime      # DAGs    # Errors  Last Runtime    Last Run
----------------------------------  -----  ---------  --------  ----------  --------------  -------------------
/opt/airflow/dags/etl_franquias.py    371  1.14s             1           0  1.83s           2025-12-10T12:21:40
================================================================================
[2025-12-10T12:22:43.157+0000] {manager.py:878} INFO - 
================================================================================
DAG File Processing Stats

File Path                           PID    Runtime      # DAGs    # Errors  Last Runtime    Last Run
----------------------------------  -----  ---------  --------  ----------  --------------  -------------------
/opt/airflow/dags/etl_franquias.py                           1           0  4.21s           2025-12-10T12:22:16
================================================================================
[2025-12-10T12:23:14.186+0000] {manager.py:878} INFO - 
================================================================================
DAG File Processing Stats

File Path                           PID    Runtime      # DAGs    # Errors  Last Runtime    Last Run
----------------------------------  -----  ---------  --------  ----------  --------------  -------------------
/opt/airflow/dags/etl_franquias.py                           1           0  10.84s          2025-12-10T12:22:58
================================================================================
[2025-12-10T12:23:45.057+0000] {manager.py:878} INFO - 
================================================================================
DAG File Processing Stats

File Path                           PID    Runtime      # DAGs    # Errors  Last Runtime    Last Run
----------------------------------  -----  ---------  --------  ----------  --------------  -------------------
/opt/airflow/dags/etl_franquias.py                           1           0  11.74s          2025-12-10T12:23:41
================================================================================
[2025-12-10T12:24:15.605+0000] {manager.py:878} INFO - 
================================================================================
DAG File Processing Stats

File Path                             PID  Runtime      # DAGs    # Errors  Last Runtime    Last Run
----------------------------------  -----  ---------  --------  ----------  --------------  -------------------
/opt/airflow/dags/etl_franquias.py    392  3.67s             1           0  11.74s          2025-12-10T12:23:41
================================================================================
[2025-12-10T12:24:46.069+0000] {manager.py:878} INFO - 
================================================================================
DAG File Processing Stats

File Path                           PID    Runtime      # DAGs    # Errors  Last Runtime    Last Run
----------------------------------  -----  ---------  --------  ----------  --------------  -------------------
/opt/airflow/dags/etl_franquias.py                           1           0  9.88s           2025-12-10T12:24:21
================================================================================
[2025-12-10T12:25:16.231+0000] {manager.py:878} INFO - 
================================================================================
DAG File Processing Stats

File Path                           PID    Runtime      # DAGs    # Errors  Last Runtime    Last Run
----------------------------------  -----  ---------  --------  ----------  --------------  -------------------
/opt/airflow/dags/etl_franquias.py                           1           0  5.12s           2025-12-10T12:24:57
================================================================================
[2025-12-10T12:25:46.218+0000] {manager.py:878} INFO - 
================================================================================
DAG File Processing Stats

File Path                           PID    Runtime      # DAGs    # Errors  Last Runtime    Last Run
----------------------------------  -----  ---------  --------  ----------  --------------  -------------------
/opt/airflow/dags/etl_franquias.py                           1           0  5.21s           2025-12-10T12:25:33
================================================================================
[2025-12-10T12:26:16.996+0000] {manager.py:878} INFO - 
================================================================================
DAG File Processing Stats

File Path                           PID    Runtime      # DAGs    # Errors  Last Runtime    Last Run
----------------------------------  -----  ---------  --------  ----------  --------------  -------------------
/opt/airflow/dags/etl_franquias.py                           1           0  5.95s           2025-12-10T12:26:09
================================================================================
[2025-12-10T12:26:47.123+0000] {manager.py:878} INFO - 
================================================================================
DAG File Processing Stats

File Path                             PID  Runtime      # DAGs    # Errors  Last Runtime    Last Run
----------------------------------  -----  ---------  --------  ----------  --------------  -------------------
/opt/airflow/dags/etl_franquias.py    419  6.84s             1           0  5.95s           2025-12-10T12:26:09
================================================================================
[2025-12-10T12:27:00.549+0000] {manager.py:737} INFO - Searching for files in /opt/airflow/dags
[2025-12-10T12:27:02.659+0000] {manager.py:740} INFO - There are 1 files in /opt/airflow/dags
[2025-12-10T12:27:17.939+0000] {manager.py:878} INFO - 
================================================================================
DAG File Processing Stats

File Path                             PID  Runtime      # DAGs    # Errors  Last Runtime    Last Run
----------------------------------  -----  ---------  --------  ----------  --------------  -------------------
/opt/airflow/dags/etl_franquias.py    425  0.05s             1           0  7.21s           2025-12-10T12:26:47
================================================================================
[2025-12-10T12:27:47.938+0000] {manager.py:878} INFO - 
================================================================================
DAG File Processing Stats

File Path                           PID    Runtime      # DAGs    # Errors  Last Runtime    Last Run
----------------------------------  -----  ---------  --------  ----------  --------------  -------------------
/opt/airflow/dags/etl_franquias.py                           1           0  2.48s           2025-12-10T12:27:20
================================================================================
[2025-12-10T12:28:18.178+0000] {manager.py:878} INFO - 
================================================================================
DAG File Processing Stats

File Path                           PID    Runtime      # DAGs    # Errors  Last Runtime    Last Run
----------------------------------  -----  ---------  --------  ----------  --------------  -------------------
/opt/airflow/dags/etl_franquias.py                           1           0  2.59s           2025-12-10T12:27:53
================================================================================
[2025-12-10T12:28:48.849+0000] {manager.py:878} INFO - 
================================================================================
DAG File Processing Stats

File Path                           PID    Runtime      # DAGs    # Errors  Last Runtime    Last Run
----------------------------------  -----  ---------  --------  ----------  --------------  -------------------
/opt/airflow/dags/etl_franquias.py                           1           0  4.60s           2025-12-10T12:28:28
================================================================================
[2025-12-10T12:29:19.271+0000] {manager.py:878} INFO - 
================================================================================
DAG File Processing Stats

File Path                           PID    Runtime      # DAGs    # Errors  Last Runtime    Last Run
----------------------------------  -----  ---------  --------  ----------  --------------  -------------------
/opt/airflow/dags/etl_franquias.py                           1           0  3.23s           2025-12-10T12:29:02
================================================================================
[2025-12-10T12:29:49.228+0000] {manager.py:878} INFO - 
================================================================================
DAG File Processing Stats

File Path                           PID    Runtime      # DAGs    # Errors  Last Runtime    Last Run
----------------------------------  -----  ---------  --------  ----------  --------------  -------------------
/opt/airflow/dags/etl_franquias.py                           1           0  3.74s           2025-12-10T12:29:36
================================================================================
[2025-12-10T12:30:19.461+0000] {manager.py:878} INFO - 
================================================================================
DAG File Processing Stats

File Path                           PID    Runtime      # DAGs    # Errors  Last Runtime    Last Run
----------------------------------  -----  ---------  --------  ----------  --------------  -------------------
/opt/airflow/dags/etl_franquias.py                           1           0  5.89s           2025-12-10T12:30:13
================================================================================
[2025-12-10T12:30:49.828+0000] {manager.py:878} INFO - 
================================================================================
DAG File Processing Stats

File Path                             PID  Runtime      # DAGs    # Errors  Last Runtime    Last Run
----------------------------------  -----  ---------  --------  ----------  --------------  -------------------
/opt/airflow/dags/etl_franquias.py    461  6.68s             1           0  5.89s           2025-12-10T12:30:13
================================================================================
